 
****************************************
Report : qor
Design : riscv_core
Version: X-2025.06-SP4
Date   : Sun Feb 22 22:00:35 2026
****************************************


  Timing Path Group 'FEEDTHROUGH'
  -----------------------------------
  Levels of Logic:             102.00
  Critical Path Length:          6.51
  Critical Path Slack:           0.04
  Critical Path Clk Period:      9.00
  Total Negative Slack:          0.00
  No. of Violating Paths:        0.00
  Worst Hold Violation:          0.00
  Total Hold Violation:          0.00
  No. of Hold Violations:        0.00
  -----------------------------------

  Timing Path Group 'REGIN'
  -----------------------------------
  Levels of Logic:             135.00
  Critical Path Length:          7.53
  Critical Path Slack:           0.00
  Critical Path Clk Period:      9.00
  Total Negative Slack:          0.00
  No. of Violating Paths:        0.00
  Worst Hold Violation:          0.00
  Total Hold Violation:          0.00
  No. of Hold Violations:        0.00
  -----------------------------------

  Timing Path Group 'REGOUT'
  -----------------------------------
  Levels of Logic:             108.00
  Critical Path Length:          7.29
  Critical Path Slack:           0.26
  Critical Path Clk Period:      9.00
  Total Negative Slack:          0.00
  No. of Violating Paths:        0.00
  Worst Hold Violation:          0.00
  Total Hold Violation:          0.00
  No. of Hold Violations:        0.00
  -----------------------------------

  Timing Path Group 'reg2reg'
  -----------------------------------
  Levels of Logic:              95.00
  Critical Path Length:          8.48
  Critical Path Slack:           0.05
  Critical Path Clk Period:      9.00
  Total Negative Slack:          0.00
  No. of Violating Paths:        0.00
  Worst Hold Violation:         -0.03
  Total Hold Violation:         -0.58
  No. of Hold Violations:       17.00
  -----------------------------------


  Cell Count
  -----------------------------------
  Hierarchical Cell Count:          0
  Hierarchical Port Count:          0
  Leaf Cell Count:              26389
  Buf/Inv Cell Count:            8297
  Buf Cell Count:                3566
  Inv Cell Count:                4909
  CT Buf/Inv Cell Count:            0
  Combinational Cell Count:     23945
  Sequential Cell Count:         2444
  Macro Count:                      0
  -----------------------------------


  Area
  -----------------------------------
  Combinational Area:    12182.516372
  Noncombinational Area:  2605.125691
  Buf/Inv Area:           3187.742395
  Total Buffer Area:          1711.71
  Total Inverter Area:        1737.19
  Macro/Black Box Area:      0.000000
  Net Area:              15905.778484
  -----------------------------------
  Cell Area:             14787.642063
  Design Area:           30693.420547


  Design Rules
  -----------------------------------
  Total Number of Nets:         28258
  Nets With Violations:             0
  Max Trans Violations:             0
  Max Cap Violations:               0
  -----------------------------------


  Hostname: net1580

  Compile CPU Statistics
  -----------------------------------------
  Resource Sharing:                    0.06
  Logic Optimization:                 49.11
  Mapping Optimization:              223.37
  -----------------------------------------
  Overall Compile Time:              294.75
  Overall Compile Wall Clock Time:   297.69

  --------------------------------------------------------------------

  Design  WNS: 0.00  TNS: 0.00  Number of Violating Paths: 0


  Design (Hold)  WNS: 0.03  TNS: 0.58  Number of Violating Paths: 17

  --------------------------------------------------------------------


1
