Warning: Cell contains tie connections which are not connected to real PG. (ZRT-511)
Cell Min-Routing-Layer = li1
Cell Max-Routing-Layer = met5
Turn off antenna since no rule is specified
Information: Option route.detail.force_end_on_preferred_grid will be ignored since none of the layers have preferred grid. (ZRT-703)
Warning: Ignore pin (cell sky130_fd_sc_hd__conb_1, pin VNB) on layer pwell. (ZRT-030)
Warning: Ignore pin (cell sky130_fd_sc_hd__conb_1, pin VPB) on layer nwell. (ZRT-030)
Warning: Ignore pin (cell sky130_fd_sc_hd__dfrtp_1, pin VNB) on layer pwell. (ZRT-030)
Warning: Ignore pin (cell sky130_fd_sc_hd__dfrtp_1, pin VPB) on layer nwell. (ZRT-030)
Warning: Ignore pin (cell sky130_fd_sc_hd__inv_1, pin VNB) on layer pwell. (ZRT-030)
Warning: Ignore pin (cell sky130_fd_sc_hd__inv_1, pin VPB) on layer nwell. (ZRT-030)
Warning: Ignore pin (cell sky130_fd_sc_hd__nor2_1, pin VNB) on layer pwell. (ZRT-030)
Warning: Ignore pin (cell sky130_fd_sc_hd__nor2_1, pin VPB) on layer nwell. (ZRT-030)
Warning: Ignore pin (cell sky130_fd_sc_hd__and2_1, pin VNB) on layer pwell. (ZRT-030)
Warning: Ignore pin (cell sky130_fd_sc_hd__and2_1, pin VPB) on layer nwell. (ZRT-030)
Warning: Ignore pin (cell sky130_fd_sc_hd__nand3_1, pin VNB) on layer pwell. (ZRT-030)
Warning: Ignore pin (cell sky130_fd_sc_hd__nand3_1, pin VPB) on layer nwell. (ZRT-030)
Warning: Ignore pin (cell sky130_fd_sc_hd__nand2_1, pin VNB) on layer pwell. (ZRT-030)
Warning: Ignore pin (cell sky130_fd_sc_hd__nand2_1, pin VPB) on layer nwell. (ZRT-030)
Warning: Ignore pin (cell sky130_fd_sc_hd__buf_2, pin VNB) on layer pwell. (ZRT-030)
Warning: Ignore pin (cell sky130_fd_sc_hd__buf_2, pin VPB) on layer nwell. (ZRT-030)
Warning: Ignore pin (cell sky130_fd_sc_hd__nand2_4, pin VNB) on layer pwell. (ZRT-030)
Warning: Ignore pin (cell sky130_fd_sc_hd__nand2_4, pin VPB) on layer nwell. (ZRT-030)
Warning: Ignore pin (cell sky130_fd_sc_hd__inv_2, pin VNB) on layer pwell. (ZRT-030)
Warning: Ignore pin (cell sky130_fd_sc_hd__inv_2, pin VPB) on layer nwell. (ZRT-030)
Warning: Ignore pin (cell sky130_fd_sc_hd__and2_4, pin VNB) on layer pwell. (ZRT-030)
Warning: Ignore pin (cell sky130_fd_sc_hd__and2_4, pin VPB) on layer nwell. (ZRT-030)
Warning: Ignore pin (cell sky130_fd_sc_hd__o22ai_2, pin VNB) on layer pwell. (ZRT-030)
Warning: Ignore pin (cell sky130_fd_sc_hd__o22ai_2, pin VPB) on layer nwell. (ZRT-030)
Warning: Ignore pin (cell sky130_fd_sc_hd__nor2_2, pin VNB) on layer pwell. (ZRT-030)
Warning: Ignore pin (cell sky130_fd_sc_hd__nor2_2, pin VPB) on layer nwell. (ZRT-030)
Warning: Ignore pin (cell sky130_fd_sc_hd__nor2_4, pin VNB) on layer pwell. (ZRT-030)
Warning: Ignore pin (cell sky130_fd_sc_hd__nor2_4, pin VPB) on layer nwell. (ZRT-030)
Warning: Ignore pin (cell sky130_fd_sc_hd__nand2b_1, pin VNB) on layer pwell. (ZRT-030)
Warning: Ignore pin (cell sky130_fd_sc_hd__nand2b_1, pin VPB) on layer nwell. (ZRT-030)
Warning: Ignore pin (cell sky130_fd_sc_hd__a21oi_1, pin VNB) on layer pwell. (ZRT-030)
Warning: Ignore pin (cell sky130_fd_sc_hd__a21oi_1, pin VPB) on layer nwell. (ZRT-030)
Warning: Ignore pin (cell sky130_fd_sc_hd__o22ai_1, pin VNB) on layer pwell. (ZRT-030)
Warning: Ignore pin (cell sky130_fd_sc_hd__o22ai_1, pin VPB) on layer nwell. (ZRT-030)
Warning: Ignore pin (cell sky130_fd_sc_hd__o21ai_1, pin VNB) on layer pwell. (ZRT-030)
Warning: Ignore pin (cell sky130_fd_sc_hd__o21ai_1, pin VPB) on layer nwell. (ZRT-030)
Warning: Ignore pin (cell sky130_fd_sc_hd__dfxtp_1, pin VNB) on layer pwell. (ZRT-030)
Warning: Ignore pin (cell sky130_fd_sc_hd__dfxtp_1, pin VPB) on layer nwell. (ZRT-030)
Warning: Ignore pin (cell sky130_fd_sc_hd__buf_4, pin VNB) on layer pwell. (ZRT-030)
Warning: Ignore pin (cell sky130_fd_sc_hd__buf_4, pin VPB) on layer nwell. (ZRT-030)
Warning: Ignore pin (cell sky130_fd_sc_hd__nor3_1, pin VNB) on layer pwell. (ZRT-030)
Warning: Ignore pin (cell sky130_fd_sc_hd__nor3_1, pin VPB) on layer nwell. (ZRT-030)
Warning: Ignore pin (cell sky130_fd_sc_hd__nand2b_2, pin VNB) on layer pwell. (ZRT-030)
Warning: Ignore pin (cell sky130_fd_sc_hd__nand2b_2, pin VPB) on layer nwell. (ZRT-030)
Warning: Ignore pin (cell sky130_fd_sc_hd__a22oi_1, pin VNB) on layer pwell. (ZRT-030)
Warning: Ignore pin (cell sky130_fd_sc_hd__a22oi_1, pin VPB) on layer nwell. (ZRT-030)
Warning: Ignore pin (cell sky130_fd_sc_hd__xnor2_1, pin VNB) on layer pwell. (ZRT-030)
Warning: Ignore pin (cell sky130_fd_sc_hd__xnor2_1, pin VPB) on layer nwell. (ZRT-030)
Warning: Ignore pin (cell sky130_fd_sc_hd__o211ai_1, pin VNB) on layer pwell. (ZRT-030)
Warning: Ignore pin (cell sky130_fd_sc_hd__o211ai_1, pin VPB) on layer nwell. (ZRT-030)
Warning: Ignore pin (cell sky130_fd_sc_hd__nand3_2, pin VNB) on layer pwell. (ZRT-030)
Warning: Ignore pin (cell sky130_fd_sc_hd__nand3_2, pin VPB) on layer nwell. (ZRT-030)
Warning: Ignore pin (cell sky130_fd_sc_hd__nand2_2, pin VNB) on layer pwell. (ZRT-030)
Warning: Ignore pin (cell sky130_fd_sc_hd__nand2_2, pin VPB) on layer nwell. (ZRT-030)
Warning: Ignore pin (cell sky130_fd_sc_hd__o21a_1, pin VNB) on layer pwell. (ZRT-030)
Warning: Ignore pin (cell sky130_fd_sc_hd__o21a_1, pin VPB) on layer nwell. (ZRT-030)
Warning: Ignore pin (cell sky130_fd_sc_hd__a22oi_2, pin VNB) on layer pwell. (ZRT-030)
Warning: Ignore pin (cell sky130_fd_sc_hd__a22oi_2, pin VPB) on layer nwell. (ZRT-030)
Warning: Ignore pin (cell sky130_fd_sc_hd__mux2i_1, pin VNB) on layer pwell. (ZRT-030)
Warning: Ignore pin (cell sky130_fd_sc_hd__mux2i_1, pin VPB) on layer nwell. (ZRT-030)
Warning: Ignore pin (cell sky130_fd_sc_hd__clkbuf_1, pin VNB) on layer pwell. (ZRT-030)
Warning: Ignore pin (cell sky130_fd_sc_hd__clkbuf_1, pin VPB) on layer nwell. (ZRT-030)
Warning: Ignore pin (cell sky130_fd_sc_hd__buf_6, pin VNB) on layer pwell. (ZRT-030)
Warning: Ignore pin (cell sky130_fd_sc_hd__buf_6, pin VPB) on layer nwell. (ZRT-030)
Warning: Ignore pin (cell sky130_fd_sc_hd__buf_12, pin VNB) on layer pwell. (ZRT-030)
Warning: Ignore pin (cell sky130_fd_sc_hd__buf_12, pin VPB) on layer nwell. (ZRT-030)
Warning: Ignore pin (cell sky130_fd_sc_hd__clkbuf_2, pin VNB) on layer pwell. (ZRT-030)
Warning: Ignore pin (cell sky130_fd_sc_hd__clkbuf_2, pin VPB) on layer nwell. (ZRT-030)
Warning: Ignore pin (cell sky130_fd_sc_hd__inv_4, pin VNB) on layer pwell. (ZRT-030)
Warning: Ignore pin (cell sky130_fd_sc_hd__inv_4, pin VPB) on layer nwell. (ZRT-030)
Warning: Ignore pin (cell sky130_fd_sc_hd__a21bo_1, pin VNB) on layer pwell. (ZRT-030)
Warning: Ignore pin (cell sky130_fd_sc_hd__a21bo_1, pin VPB) on layer nwell. (ZRT-030)
Warning: Ignore pin (cell sky130_fd_sc_hd__o211ai_2, pin VNB) on layer pwell. (ZRT-030)
Warning: Ignore pin (cell sky130_fd_sc_hd__o211ai_2, pin VPB) on layer nwell. (ZRT-030)
Warning: Ignore pin (cell sky130_fd_sc_hd__o21ai_2, pin VNB) on layer pwell. (ZRT-030)
Warning: Ignore pin (cell sky130_fd_sc_hd__o21ai_2, pin VPB) on layer nwell. (ZRT-030)
Warning: Ignore pin (cell sky130_fd_sc_hd__or2_0, pin VNB) on layer pwell. (ZRT-030)
Warning: Ignore pin (cell sky130_fd_sc_hd__or2_0, pin VPB) on layer nwell. (ZRT-030)
Warning: Ignore pin (cell sky130_fd_sc_hd__o31ai_1, pin VNB) on layer pwell. (ZRT-030)
Warning: Ignore pin (cell sky130_fd_sc_hd__o31ai_1, pin VPB) on layer nwell. (ZRT-030)
Warning: Ignore pin (cell sky130_fd_sc_hd__nand4_1, pin VNB) on layer pwell. (ZRT-030)
Warning: Ignore pin (cell sky130_fd_sc_hd__nand4_1, pin VPB) on layer nwell. (ZRT-030)
Warning: Ignore pin (cell sky130_fd_sc_hd__and4_1, pin VNB) on layer pwell. (ZRT-030)
Warning: Ignore pin (cell sky130_fd_sc_hd__and4_1, pin VPB) on layer nwell. (ZRT-030)
Warning: Ignore pin (cell sky130_fd_sc_hd__a21oi_2, pin VNB) on layer pwell. (ZRT-030)
Warning: Ignore pin (cell sky130_fd_sc_hd__a21oi_2, pin VPB) on layer nwell. (ZRT-030)
Warning: Ignore pin (cell sky130_fd_sc_hd__xor2_1, pin VNB) on layer pwell. (ZRT-030)
Warning: Ignore pin (cell sky130_fd_sc_hd__xor2_1, pin VPB) on layer nwell. (ZRT-030)
Warning: Ignore pin (cell sky130_fd_sc_hd__a31oi_1, pin VNB) on layer pwell. (ZRT-030)
Warning: Ignore pin (cell sky130_fd_sc_hd__a31oi_1, pin VPB) on layer nwell. (ZRT-030)
Warning: Ignore pin (cell sky130_fd_sc_hd__nor4_1, pin VNB) on layer pwell. (ZRT-030)
Warning: Ignore pin (cell sky130_fd_sc_hd__nor4_1, pin VPB) on layer nwell. (ZRT-030)
Warning: Ignore pin (cell sky130_fd_sc_hd__nor2b_1, pin VNB) on layer pwell. (ZRT-030)
Warning: Ignore pin (cell sky130_fd_sc_hd__nor2b_1, pin VPB) on layer nwell. (ZRT-030)
Warning: Ignore pin (cell sky130_fd_sc_hd__or2_2, pin VNB) on layer pwell. (ZRT-030)
Warning: Ignore pin (cell sky130_fd_sc_hd__or2_2, pin VPB) on layer nwell. (ZRT-030)
Warning: Ignore pin (cell sky130_fd_sc_hd__a31o_1, pin VNB) on layer pwell. (ZRT-030)
Warning: Ignore pin (cell sky130_fd_sc_hd__a31o_1, pin VPB) on layer nwell. (ZRT-030)
Warning: Ignore pin (cell sky130_fd_sc_hd__o2bb2ai_1, pin VNB) on layer pwell. (ZRT-030)
Warning: Ignore pin (cell sky130_fd_sc_hd__o2bb2ai_1, pin VPB) on layer nwell. (ZRT-030)
Warning: Ignore pin (cell sky130_fd_sc_hd__a221o_1, pin VNB) on layer pwell. (ZRT-030)
Warning: Ignore pin (cell sky130_fd_sc_hd__a221o_1, pin VPB) on layer nwell. (ZRT-030)
Warning: Ignore pin (cell sky130_fd_sc_hd__and4b_1, pin VNB) on layer pwell. (ZRT-030)
Warning: Ignore pin (cell sky130_fd_sc_hd__and4b_1, pin VPB) on layer nwell. (ZRT-030)
Warning: Ignore pin (cell sky130_fd_sc_hd__a211oi_1, pin VNB) on layer pwell. (ZRT-030)
Warning: Ignore pin (cell sky130_fd_sc_hd__a211oi_1, pin VPB) on layer nwell. (ZRT-030)
Warning: Ignore pin (cell sky130_fd_sc_hd__a21o_1, pin VNB) on layer pwell. (ZRT-030)
Warning: Ignore pin (cell sky130_fd_sc_hd__a21o_1, pin VPB) on layer nwell. (ZRT-030)
Warning: Ignore pin (cell sky130_fd_sc_hd__a221oi_1, pin VNB) on layer pwell. (ZRT-030)
Warning: Ignore pin (cell sky130_fd_sc_hd__a221oi_1, pin VPB) on layer nwell. (ZRT-030)
Warning: Ignore pin (cell sky130_fd_sc_hd__a41oi_1, pin VNB) on layer pwell. (ZRT-030)
Warning: Ignore pin (cell sky130_fd_sc_hd__a41oi_1, pin VPB) on layer nwell. (ZRT-030)
Warning: Ignore pin (cell sky130_fd_sc_hd__o32ai_1, pin VNB) on layer pwell. (ZRT-030)
Warning: Ignore pin (cell sky130_fd_sc_hd__o32ai_1, pin VPB) on layer nwell. (ZRT-030)
Warning: Ignore pin (cell sky130_fd_sc_hd__or3_1, pin VNB) on layer pwell. (ZRT-030)
Warning: Ignore pin (cell sky130_fd_sc_hd__or3_1, pin VPB) on layer nwell. (ZRT-030)
Warning: Ignore pin (cell sky130_fd_sc_hd__o221ai_1, pin VNB) on layer pwell. (ZRT-030)
Warning: Ignore pin (cell sky130_fd_sc_hd__o221ai_1, pin VPB) on layer nwell. (ZRT-030)
Warning: Ignore pin (cell sky130_fd_sc_hd__o41ai_1, pin VNB) on layer pwell. (ZRT-030)
Warning: Ignore pin (cell sky130_fd_sc_hd__o41ai_1, pin VPB) on layer nwell. (ZRT-030)
Warning: Ignore pin (cell sky130_fd_sc_hd__and3_1, pin VNB) on layer pwell. (ZRT-030)
Warning: Ignore pin (cell sky130_fd_sc_hd__and3_1, pin VPB) on layer nwell. (ZRT-030)
Warning: Ignore pin (cell sky130_fd_sc_hd__o21bai_1, pin VNB) on layer pwell. (ZRT-030)
Warning: Ignore pin (cell sky130_fd_sc_hd__o21bai_1, pin VPB) on layer nwell. (ZRT-030)
Warning: Ignore pin (cell sky130_fd_sc_hd__mux2_2, pin VNB) on layer pwell. (ZRT-030)
Warning: Ignore pin (cell sky130_fd_sc_hd__mux2_2, pin VPB) on layer nwell. (ZRT-030)
Warning: Ignore pin (cell sky130_fd_sc_hd__a211o_1, pin VNB) on layer pwell. (ZRT-030)
Warning: Ignore pin (cell sky130_fd_sc_hd__a211o_1, pin VPB) on layer nwell. (ZRT-030)
Warning: Ignore pin (cell sky130_fd_sc_hd__a2bb2oi_1, pin VNB) on layer pwell. (ZRT-030)
Warning: Ignore pin (cell sky130_fd_sc_hd__a2bb2oi_1, pin VPB) on layer nwell. (ZRT-030)
Warning: Ignore pin (cell sky130_fd_sc_hd__dfrtp_4, pin VNB) on layer pwell. (ZRT-030)
Warning: Ignore pin (cell sky130_fd_sc_hd__dfrtp_4, pin VPB) on layer nwell. (ZRT-030)
Warning: Ignore pin (cell sky130_fd_sc_hd__inv_6, pin VNB) on layer pwell. (ZRT-030)
Warning: Ignore pin (cell sky130_fd_sc_hd__inv_6, pin VPB) on layer nwell. (ZRT-030)
Warning: Ignore pin (cell sky130_fd_sc_hd__inv_8, pin VNB) on layer pwell. (ZRT-030)
Warning: Ignore pin (cell sky130_fd_sc_hd__inv_8, pin VPB) on layer nwell. (ZRT-030)
Warning: Ignore pin (cell sky130_fd_sc_hd__a21o_2, pin VNB) on layer pwell. (ZRT-030)
Warning: Ignore pin (cell sky130_fd_sc_hd__a21o_2, pin VPB) on layer nwell. (ZRT-030)
Warning: Ignore pin (cell sky130_fd_sc_hd__a22o_1, pin VNB) on layer pwell. (ZRT-030)
Warning: Ignore pin (cell sky130_fd_sc_hd__a22o_1, pin VPB) on layer nwell. (ZRT-030)
Warning: Ignore pin (cell sky130_fd_sc_hd__mux2_4, pin VNB) on layer pwell. (ZRT-030)
Warning: Ignore pin (cell sky130_fd_sc_hd__mux2_4, pin VPB) on layer nwell. (ZRT-030)
Warning: Ignore pin (cell sky130_fd_sc_hd__nand2b_4, pin VNB) on layer pwell. (ZRT-030)
Warning: Ignore pin (cell sky130_fd_sc_hd__nand2b_4, pin VPB) on layer nwell. (ZRT-030)
Warning: Ignore pin (cell sky130_fd_sc_hd__dfstp_2, pin VNB) on layer pwell. (ZRT-030)
Warning: Ignore pin (cell sky130_fd_sc_hd__dfstp_2, pin VPB) on layer nwell. (ZRT-030)
Warning: Ignore pin (cell sky130_fd_sc_hd__ha_1, pin VNB) on layer pwell. (ZRT-030)
Warning: Ignore pin (cell sky130_fd_sc_hd__ha_1, pin VPB) on layer nwell. (ZRT-030)
Warning: Ignore pin (cell sky130_fd_sc_hd__ha_4, pin VNB) on layer pwell. (ZRT-030)
Warning: Ignore pin (cell sky130_fd_sc_hd__ha_4, pin VPB) on layer nwell. (ZRT-030)
Warning: Ignore pin (cell sky130_fd_sc_hd__nand3_4, pin VNB) on layer pwell. (ZRT-030)
Warning: Ignore pin (cell sky130_fd_sc_hd__nand3_4, pin VPB) on layer nwell. (ZRT-030)
Warning: Ignore pin (cell sky130_fd_sc_hd__o21ai_4, pin VNB) on layer pwell. (ZRT-030)
Warning: Ignore pin (cell sky130_fd_sc_hd__o21ai_4, pin VPB) on layer nwell. (ZRT-030)
Warning: Ignore pin (cell sky130_fd_sc_hd__o2bb2a_2, pin VNB) on layer pwell. (ZRT-030)
Warning: Ignore pin (cell sky130_fd_sc_hd__o2bb2a_2, pin VPB) on layer nwell. (ZRT-030)
Warning: Ignore pin (cell sky130_fd_sc_hd__ha_2, pin VNB) on layer pwell. (ZRT-030)
Warning: Ignore pin (cell sky130_fd_sc_hd__ha_2, pin VPB) on layer nwell. (ZRT-030)
Warning: Ignore pin (cell sky130_fd_sc_hd__or2_1, pin VNB) on layer pwell. (ZRT-030)
Warning: Ignore pin (cell sky130_fd_sc_hd__or2_1, pin VPB) on layer nwell. (ZRT-030)
Warning: Ignore pin (cell sky130_fd_sc_hd__o22a_1, pin VNB) on layer pwell. (ZRT-030)
Warning: Ignore pin (cell sky130_fd_sc_hd__o22a_1, pin VPB) on layer nwell. (ZRT-030)
Warning: Ignore pin (cell sky130_fd_sc_hd__or4_1, pin VNB) on layer pwell. (ZRT-030)
Warning: Ignore pin (cell sky130_fd_sc_hd__or4_1, pin VPB) on layer nwell. (ZRT-030)
Warning: Ignore pin (cell sky130_fd_sc_hd__or2_4, pin VNB) on layer pwell. (ZRT-030)
Warning: Ignore pin (cell sky130_fd_sc_hd__or2_4, pin VPB) on layer nwell. (ZRT-030)
Warning: Ignore pin (cell sky130_fd_sc_hd__nand4b_1, pin VNB) on layer pwell. (ZRT-030)
Warning: Ignore pin (cell sky130_fd_sc_hd__nand4b_1, pin VPB) on layer nwell. (ZRT-030)
Warning: Ignore pin (cell sky130_fd_sc_hd__dfrbp_1, pin VNB) on layer pwell. (ZRT-030)
Warning: Ignore pin (cell sky130_fd_sc_hd__dfrbp_1, pin VPB) on layer nwell. (ZRT-030)
Warning: Ignore pin (cell sky130_fd_sc_hd__fa_1, pin VNB) on layer pwell. (ZRT-030)
Warning: Ignore pin (cell sky130_fd_sc_hd__fa_1, pin VPB) on layer nwell. (ZRT-030)
Warning: Ignore pin (cell sky130_fd_sc_hd__nor2b_2, pin VNB) on layer pwell. (ZRT-030)
Warning: Ignore pin (cell sky130_fd_sc_hd__nor2b_2, pin VPB) on layer nwell. (ZRT-030)
Warning: Ignore pin (cell sky130_fd_sc_hd__o22a_2, pin VNB) on layer pwell. (ZRT-030)
Warning: Ignore pin (cell sky130_fd_sc_hd__o22a_2, pin VPB) on layer nwell. (ZRT-030)
Warning: Ignore pin (cell sky130_fd_sc_hd__xnor2_2, pin VNB) on layer pwell. (ZRT-030)
Warning: Ignore pin (cell sky130_fd_sc_hd__xnor2_2, pin VPB) on layer nwell. (ZRT-030)
Warning: Ignore pin (cell sky130_fd_sc_hd__probe_p_8, pin VNB) on layer pwell. (ZRT-030)
Warning: Ignore pin (cell sky130_fd_sc_hd__probe_p_8, pin VPB) on layer nwell. (ZRT-030)
Warning: Ignore pin (cell sky130_fd_sc_hd__o22ai_4, pin VNB) on layer pwell. (ZRT-030)
Warning: Ignore pin (cell sky130_fd_sc_hd__o22ai_4, pin VPB) on layer nwell. (ZRT-030)
Warning: Ignore pin (cell sky130_fd_sc_hd__a21oi_4, pin VNB) on layer pwell. (ZRT-030)
Warning: Ignore pin (cell sky130_fd_sc_hd__a21oi_4, pin VPB) on layer nwell. (ZRT-030)
Warning: Ignore pin (cell sky130_fd_sc_hd__xnor2_4, pin VNB) on layer pwell. (ZRT-030)
Warning: Ignore pin (cell sky130_fd_sc_hd__xnor2_4, pin VPB) on layer nwell. (ZRT-030)
Warning: Ignore pin (cell sky130_fd_sc_hd__a21boi_2, pin VNB) on layer pwell. (ZRT-030)
Warning: Ignore pin (cell sky130_fd_sc_hd__a21boi_2, pin VPB) on layer nwell. (ZRT-030)
Warning: Ignore pin (cell sky130_fd_sc_hd__xor2_2, pin VNB) on layer pwell. (ZRT-030)
Warning: Ignore pin (cell sky130_fd_sc_hd__xor2_2, pin VPB) on layer nwell. (ZRT-030)
Warning: Ignore pin (cell sky130_fd_sc_hd__inv_16, pin VNB) on layer pwell. (ZRT-030)
Warning: Ignore pin (cell sky130_fd_sc_hd__inv_16, pin VPB) on layer nwell. (ZRT-030)
Warning: Ignore pin (cell sky130_fd_sc_hd__inv_12, pin VNB) on layer pwell. (ZRT-030)
Warning: Ignore pin (cell sky130_fd_sc_hd__inv_12, pin VPB) on layer nwell. (ZRT-030)
Warning: Ignore pin (cell sky130_fd_sc_hd__o21a_2, pin VNB) on layer pwell. (ZRT-030)
Warning: Ignore pin (cell sky130_fd_sc_hd__o21a_2, pin VPB) on layer nwell. (ZRT-030)
Warning: Ignore pin (cell sky130_fd_sc_hd__nor2b_4, pin VNB) on layer pwell. (ZRT-030)
Warning: Ignore pin (cell sky130_fd_sc_hd__nor2b_4, pin VPB) on layer nwell. (ZRT-030)
Warning: Ignore pin (cell sky130_fd_sc_hd__xor3_1, pin VNB) on layer pwell. (ZRT-030)
Warning: Ignore pin (cell sky130_fd_sc_hd__xor3_1, pin VPB) on layer nwell. (ZRT-030)
Warning: Ignore pin (cell sky130_fd_sc_hd__bufinv_8, pin VNB) on layer pwell. (ZRT-030)
Warning: Ignore pin (cell sky130_fd_sc_hd__bufinv_8, pin VPB) on layer nwell. (ZRT-030)
Warning: Ignore pin (cell sky130_fd_sc_hd__fah_1, pin VNB) on layer pwell. (ZRT-030)
Warning: Ignore pin (cell sky130_fd_sc_hd__fah_1, pin VPB) on layer nwell. (ZRT-030)
Warning: Ignore pin (cell sky130_fd_sc_hd__nand3b_1, pin VNB) on layer pwell. (ZRT-030)
Warning: Ignore pin (cell sky130_fd_sc_hd__nand3b_1, pin VPB) on layer nwell. (ZRT-030)
Warning: Ignore pin (cell sky130_fd_sc_hd__o2bb2a_4, pin VNB) on layer pwell. (ZRT-030)
Warning: Ignore pin (cell sky130_fd_sc_hd__o2bb2a_4, pin VPB) on layer nwell. (ZRT-030)
Warning: Ignore pin (cell sky130_fd_sc_hd__o31ai_2, pin VNB) on layer pwell. (ZRT-030)
Warning: Ignore pin (cell sky130_fd_sc_hd__o31ai_2, pin VPB) on layer nwell. (ZRT-030)
Warning: Ignore pin (cell sky130_fd_sc_hd__a222oi_1, pin VNB) on layer pwell. (ZRT-030)
Warning: Ignore pin (cell sky130_fd_sc_hd__a222oi_1, pin VPB) on layer nwell. (ZRT-030)
Warning: Ignore pin (cell sky130_fd_sc_hd__fa_2, pin VNB) on layer pwell. (ZRT-030)
Warning: Ignore pin (cell sky130_fd_sc_hd__fa_2, pin VPB) on layer nwell. (ZRT-030)
Warning: Ignore pin (cell sky130_fd_sc_hd__dfrtp_2, pin VNB) on layer pwell. (ZRT-030)
Warning: Ignore pin (cell sky130_fd_sc_hd__dfrtp_2, pin VPB) on layer nwell. (ZRT-030)
Warning: Ignore pin (cell sky130_fd_sc_hd__o2bb2a_1, pin VNB) on layer pwell. (ZRT-030)
Warning: Ignore pin (cell sky130_fd_sc_hd__o2bb2a_1, pin VPB) on layer nwell. (ZRT-030)
Warning: Ignore pin (cell sky130_fd_sc_hd__nor2_8, pin VNB) on layer pwell. (ZRT-030)
Warning: Ignore pin (cell sky130_fd_sc_hd__nor2_8, pin VPB) on layer nwell. (ZRT-030)
Warning: Ignore pin (cell sky130_fd_sc_hd__o211a_2, pin VNB) on layer pwell. (ZRT-030)
Warning: Ignore pin (cell sky130_fd_sc_hd__o211a_2, pin VPB) on layer nwell. (ZRT-030)
Warning: Ignore pin (cell sky130_fd_sc_hd__o31a_1, pin VNB) on layer pwell. (ZRT-030)
Warning: Ignore pin (cell sky130_fd_sc_hd__o31a_1, pin VPB) on layer nwell. (ZRT-030)
Warning: Ignore pin (cell sky130_fd_sc_hd__dfxtp_4, pin VNB) on layer pwell. (ZRT-030)
Warning: Ignore pin (cell sky130_fd_sc_hd__dfxtp_4, pin VPB) on layer nwell. (ZRT-030)
Warning: Ignore pin (cell sky130_fd_sc_hd__dfxtp_2, pin VNB) on layer pwell. (ZRT-030)
Warning: Ignore pin (cell sky130_fd_sc_hd__dfxtp_2, pin VPB) on layer nwell. (ZRT-030)
Warning: Ignore pin (cell sky130_fd_sc_hd__and3_2, pin VNB) on layer pwell. (ZRT-030)
Warning: Ignore pin (cell sky130_fd_sc_hd__and3_2, pin VPB) on layer nwell. (ZRT-030)
Warning: Ignore pin (cell sky130_fd_sc_hd__nand2_8, pin VNB) on layer pwell. (ZRT-030)
Warning: Ignore pin (cell sky130_fd_sc_hd__nand2_8, pin VPB) on layer nwell. (ZRT-030)
Warning: Ignore pin (cell sky130_fd_sc_hd__clkbuf_4, pin VNB) on layer pwell. (ZRT-030)
Warning: Ignore pin (cell sky130_fd_sc_hd__clkbuf_4, pin VPB) on layer nwell. (ZRT-030)
Warning: Ignore pin (cell sky130_fd_sc_hd__mux2i_2, pin VNB) on layer pwell. (ZRT-030)
Warning: Ignore pin (cell sky130_fd_sc_hd__mux2i_2, pin VPB) on layer nwell. (ZRT-030)
Warning: Ignore pin (cell sky130_fd_sc_hd__o21ba_2, pin VNB) on layer pwell. (ZRT-030)
Warning: Ignore pin (cell sky130_fd_sc_hd__o21ba_2, pin VPB) on layer nwell. (ZRT-030)
Warning: Ignore pin (cell sky130_fd_sc_hd__a311oi_1, pin VNB) on layer pwell. (ZRT-030)
Warning: Ignore pin (cell sky130_fd_sc_hd__a311oi_1, pin VPB) on layer nwell. (ZRT-030)
Warning: Ignore pin (cell sky130_fd_sc_hd__a32oi_1, pin VNB) on layer pwell. (ZRT-030)
Warning: Ignore pin (cell sky130_fd_sc_hd__a32oi_1, pin VPB) on layer nwell. (ZRT-030)
Warning: Ignore pin (cell sky130_fd_sc_hd__a21boi_1, pin VNB) on layer pwell. (ZRT-030)
Warning: Ignore pin (cell sky130_fd_sc_hd__a21boi_1, pin VPB) on layer nwell. (ZRT-030)
Warning: Ignore pin (cell sky130_fd_sc_hd__and3_4, pin VNB) on layer pwell. (ZRT-030)
Warning: Ignore pin (cell sky130_fd_sc_hd__and3_4, pin VPB) on layer nwell. (ZRT-030)
Warning: Ignore pin (cell sky130_fd_sc_hd__buf_1, pin VNB) on layer pwell. (ZRT-030)
Warning: Ignore pin (cell sky130_fd_sc_hd__buf_1, pin VPB) on layer nwell. (ZRT-030)
Warning: Ignore pin (cell sky130_fd_sc_hd__buf_8, pin VNB) on layer pwell. (ZRT-030)
Warning: Ignore pin (cell sky130_fd_sc_hd__buf_8, pin VPB) on layer nwell. (ZRT-030)
Warning: Ignore pin (cell sky130_fd_sc_hd__a31oi_2, pin VNB) on layer pwell. (ZRT-030)
Warning: Ignore pin (cell sky130_fd_sc_hd__a31oi_2, pin VPB) on layer nwell. (ZRT-030)
Warning: Ignore pin (cell sky130_fd_sc_hd__o2bb2ai_2, pin VNB) on layer pwell. (ZRT-030)
Warning: Ignore pin (cell sky130_fd_sc_hd__o2bb2ai_2, pin VPB) on layer nwell. (ZRT-030)
Warning: Ignore pin (cell sky130_fd_sc_hd__and2b_2, pin VNB) on layer pwell. (ZRT-030)
Warning: Ignore pin (cell sky130_fd_sc_hd__and2b_2, pin VPB) on layer nwell. (ZRT-030)
Warning: Ignore pin (cell sky130_fd_sc_hd__o21a_4, pin VNB) on layer pwell. (ZRT-030)
Warning: Ignore pin (cell sky130_fd_sc_hd__o21a_4, pin VPB) on layer nwell. (ZRT-030)
Warning: Ignore pin (cell sky130_fd_sc_hd__nor4_2, pin VNB) on layer pwell. (ZRT-030)
Warning: Ignore pin (cell sky130_fd_sc_hd__nor4_2, pin VPB) on layer nwell. (ZRT-030)
Warning: Ignore pin (cell sky130_fd_sc_hd__mux2i_4, pin VNB) on layer pwell. (ZRT-030)
Warning: Ignore pin (cell sky130_fd_sc_hd__mux2i_4, pin VPB) on layer nwell. (ZRT-030)
Warning: Ignore pin (cell sky130_fd_sc_hd__a2bb2oi_2, pin VNB) on layer pwell. (ZRT-030)
Warning: Ignore pin (cell sky130_fd_sc_hd__a2bb2oi_2, pin VPB) on layer nwell. (ZRT-030)
Warning: Ignore pin (cell sky130_fd_sc_hd__nand4_2, pin VNB) on layer pwell. (ZRT-030)
Warning: Ignore pin (cell sky130_fd_sc_hd__nand4_2, pin VPB) on layer nwell. (ZRT-030)
Warning: Ignore pin (cell sky130_fd_sc_hd__and4_4, pin VNB) on layer pwell. (ZRT-030)
Warning: Ignore pin (cell sky130_fd_sc_hd__and4_4, pin VPB) on layer nwell. (ZRT-030)
Warning: Ignore pin (cell sky130_fd_sc_hd__mux2_1, pin VNB) on layer pwell. (ZRT-030)
Warning: Ignore pin (cell sky130_fd_sc_hd__mux2_1, pin VPB) on layer nwell. (ZRT-030)
Warning: Ignore pin (cell sky130_fd_sc_hd__clkinvlp_4, pin VNB) on layer pwell. (ZRT-030)
Warning: Ignore pin (cell sky130_fd_sc_hd__clkinvlp_4, pin VPB) on layer nwell. (ZRT-030)
Warning: Ignore pin (cell sky130_fd_sc_hd__o211a_1, pin VNB) on layer pwell. (ZRT-030)
Warning: Ignore pin (cell sky130_fd_sc_hd__o211a_1, pin VPB) on layer nwell. (ZRT-030)
Warning: Ignore pin (cell sky130_fd_sc_hd__o21ai_0, pin VNB) on layer pwell. (ZRT-030)
Warning: Ignore pin (cell sky130_fd_sc_hd__o21ai_0, pin VPB) on layer nwell. (ZRT-030)
Warning: Ignore pin (cell sky130_fd_sc_hd__clkinv_4, pin VNB) on layer pwell. (ZRT-030)
Warning: Ignore pin (cell sky130_fd_sc_hd__clkinv_4, pin VPB) on layer nwell. (ZRT-030)
Warning: Ignore pin (cell sky130_fd_sc_hd__clkinvlp_2, pin VNB) on layer pwell. (ZRT-030)
Warning: Ignore pin (cell sky130_fd_sc_hd__clkinvlp_2, pin VPB) on layer nwell. (ZRT-030)
Warning: Ignore pin (cell sky130_fd_sc_hd__dfstp_4, pin VNB) on layer pwell. (ZRT-030)
Warning: Ignore pin (cell sky130_fd_sc_hd__dfstp_4, pin VPB) on layer nwell. (ZRT-030)
Warning: Ignore pin (cell sky130_fd_sc_hd__clkbuf_8, pin VNB) on layer pwell. (ZRT-030)
Warning: Ignore pin (cell sky130_fd_sc_hd__clkbuf_8, pin VPB) on layer nwell. (ZRT-030)
Warning: Ignore pin (cell sky130_fd_sc_hd__clkinv_8, pin VNB) on layer pwell. (ZRT-030)
Warning: Ignore pin (cell sky130_fd_sc_hd__clkinv_8, pin VPB) on layer nwell. (ZRT-030)
Warning: Ignore pin (cell sky130_fd_sc_hd__nor3_2, pin VNB) on layer pwell. (ZRT-030)
Warning: Ignore pin (cell sky130_fd_sc_hd__nor3_2, pin VPB) on layer nwell. (ZRT-030)
Warning: Ignore pin (cell sky130_fd_sc_hd__clkinv_16, pin VNB) on layer pwell. (ZRT-030)
Warning: Ignore pin (cell sky130_fd_sc_hd__clkinv_16, pin VPB) on layer nwell. (ZRT-030)
Warning: Ignore pin (cell sky130_fd_sc_hd__clkbuf_16, pin VNB) on layer pwell. (ZRT-030)
Warning: Ignore pin (cell sky130_fd_sc_hd__clkbuf_16, pin VPB) on layer nwell. (ZRT-030)
Warning: Ignore pin (cell sky130_fd_sc_hd__buf_16, pin VNB) on layer pwell. (ZRT-030)
Warning: Ignore pin (cell sky130_fd_sc_hd__buf_16, pin VPB) on layer nwell. (ZRT-030)
Warning: Ignore pin (cell sky130_fd_sc_hd__bufinv_16, pin VNB) on layer pwell. (ZRT-030)
Warning: Ignore pin (cell sky130_fd_sc_hd__bufinv_16, pin VPB) on layer nwell. (ZRT-030)
Warning: Ignore pin (cell sky130_fd_sc_hd__bufbuf_16, pin VNB) on layer pwell. (ZRT-030)
Warning: Ignore pin (cell sky130_fd_sc_hd__bufbuf_16, pin VPB) on layer nwell. (ZRT-030)
Warning: Ignore pin (cell sky130_fd_sc_hd__a211oi_2, pin VNB) on layer pwell. (ZRT-030)
Warning: Ignore pin (cell sky130_fd_sc_hd__a211oi_2, pin VPB) on layer nwell. (ZRT-030)
Warning: Ignore pin (cell sky130_fd_sc_hd__clkinv_2, pin VNB) on layer pwell. (ZRT-030)
Warning: Ignore pin (cell sky130_fd_sc_hd__clkinv_2, pin VPB) on layer nwell. (ZRT-030)
Warning: Ignore pin (cell sky130_fd_sc_hd__dlygate4sd2_1, pin VNB) on layer pwell. (ZRT-030)
Warning: Ignore pin (cell sky130_fd_sc_hd__dlygate4sd2_1, pin VPB) on layer nwell. (ZRT-030)
Warning: Ignore pin (cell sky130_fd_sc_hd__clkinv_1, pin VNB) on layer pwell. (ZRT-030)
Warning: Ignore pin (cell sky130_fd_sc_hd__clkinv_1, pin VPB) on layer nwell. (ZRT-030)
Warning: Ignore pin (cell sky130_fd_sc_hd__and2b_1, pin VNB) on layer pwell. (ZRT-030)
Warning: Ignore pin (cell sky130_fd_sc_hd__and2b_1, pin VPB) on layer nwell. (ZRT-030)
Warning: Ignore pin (cell sky130_fd_sc_hd__and2_2, pin VNB) on layer pwell. (ZRT-030)
Warning: Ignore pin (cell sky130_fd_sc_hd__and2_2, pin VPB) on layer nwell. (ZRT-030)
Warning: Ignore pin (cell sky130_fd_sc_hd__dlygate4sd3_1, pin VNB) on layer pwell. (ZRT-030)
Warning: Ignore pin (cell sky130_fd_sc_hd__dlygate4sd3_1, pin VPB) on layer nwell. (ZRT-030)
Warning: Ignore pin (cell sky130_fd_sc_hd__or2b_2, pin VNB) on layer pwell. (ZRT-030)
Warning: Ignore pin (cell sky130_fd_sc_hd__or2b_2, pin VPB) on layer nwell. (ZRT-030)
Warning: Ignore pin (cell sky130_fd_sc_hd__dlymetal6s2s_1, pin VNB) on layer pwell. (ZRT-030)
Warning: Ignore pin (cell sky130_fd_sc_hd__dlymetal6s2s_1, pin VPB) on layer nwell. (ZRT-030)
Warning: Ignore pin (cell sky130_fd_sc_hd__a22o_2, pin VNB) on layer pwell. (ZRT-030)
Warning: Ignore pin (cell sky130_fd_sc_hd__a22o_2, pin VPB) on layer nwell. (ZRT-030)
Warning: Ignore pin (cell sky130_fd_sc_hd__clkdlybuf4s25_1, pin VNB) on layer pwell. (ZRT-030)
Warning: Ignore pin (cell sky130_fd_sc_hd__clkdlybuf4s25_1, pin VPB) on layer nwell. (ZRT-030)
Warning: Ignore pin (cell sky130_fd_sc_hd__and2_0, pin VNB) on layer pwell. (ZRT-030)
Warning: Ignore pin (cell sky130_fd_sc_hd__and2_0, pin VPB) on layer nwell. (ZRT-030)
Warning: Ignore pin (cell sky130_fd_sc_hd__or3_2, pin VNB) on layer pwell. (ZRT-030)
Warning: Ignore pin (cell sky130_fd_sc_hd__or3_2, pin VPB) on layer nwell. (ZRT-030)
Warning: Ignore pin (cell sky130_fd_sc_hd__and4_2, pin VNB) on layer pwell. (ZRT-030)
Warning: Ignore pin (cell sky130_fd_sc_hd__and4_2, pin VPB) on layer nwell. (ZRT-030)
Warning: Ignore pin (cell sky130_fd_sc_hd__clkdlybuf4s50_1, pin VNB) on layer pwell. (ZRT-030)
Warning: Ignore pin (cell sky130_fd_sc_hd__clkdlybuf4s50_1, pin VPB) on layer nwell. (ZRT-030)
Warning: Ignore pin (cell sky130_fd_sc_hd__or2b_1, pin VNB) on layer pwell. (ZRT-030)
Warning: Ignore pin (cell sky130_fd_sc_hd__or2b_1, pin VPB) on layer nwell. (ZRT-030)
Warning: Ignore pin (cell sky130_fd_sc_hd__dlygate4sd1_1, pin VNB) on layer pwell. (ZRT-030)
Warning: Ignore pin (cell sky130_fd_sc_hd__dlygate4sd1_1, pin VPB) on layer nwell. (ZRT-030)
Warning: Ignore pin (cell sky130_fd_sc_hd__and4b_2, pin VNB) on layer pwell. (ZRT-030)
Warning: Ignore pin (cell sky130_fd_sc_hd__and4b_2, pin VPB) on layer nwell. (ZRT-030)
Warning: Ignore pin (cell sky130_fd_sc_hd__a221o_2, pin VNB) on layer pwell. (ZRT-030)
Warning: Ignore pin (cell sky130_fd_sc_hd__a221o_2, pin VPB) on layer nwell. (ZRT-030)
Warning: Ignore pin (cell sky130_fd_sc_hd__nand4b_2, pin VNB) on layer pwell. (ZRT-030)
Warning: Ignore pin (cell sky130_fd_sc_hd__nand4b_2, pin VPB) on layer nwell. (ZRT-030)
Warning: Ignore pin (cell sky130_fd_sc_hd__and2b_4, pin VNB) on layer pwell. (ZRT-030)
Warning: Ignore pin (cell sky130_fd_sc_hd__and2b_4, pin VPB) on layer nwell. (ZRT-030)
Warning: Ignore pin (cell sky130_fd_sc_hd__nand4_4, pin VNB) on layer pwell. (ZRT-030)
Warning: Ignore pin (cell sky130_fd_sc_hd__nand4_4, pin VPB) on layer nwell. (ZRT-030)
Warning: Ignore pin (cell sky130_fd_sc_hd__a31oi_4, pin VNB) on layer pwell. (ZRT-030)
Warning: Ignore pin (cell sky130_fd_sc_hd__a31oi_4, pin VPB) on layer nwell. (ZRT-030)
Warning: Ignore pin (cell sky130_fd_sc_hd__nor3_4, pin VNB) on layer pwell. (ZRT-030)
Warning: Ignore pin (cell sky130_fd_sc_hd__nor3_4, pin VPB) on layer nwell. (ZRT-030)
Warning: Ignore pin (cell sky130_fd_sc_hd__a21o_4, pin VNB) on layer pwell. (ZRT-030)
Warning: Ignore pin (cell sky130_fd_sc_hd__a21o_4, pin VPB) on layer nwell. (ZRT-030)
Warning: Ignore pin (cell sky130_fd_sc_hd__xor2_4, pin VNB) on layer pwell. (ZRT-030)
Warning: Ignore pin (cell sky130_fd_sc_hd__xor2_4, pin VPB) on layer nwell. (ZRT-030)
Warning: Ignore pin (cell sky130_fd_sc_hd__nand3b_2, pin VNB) on layer pwell. (ZRT-030)
Warning: Ignore pin (cell sky130_fd_sc_hd__nand3b_2, pin VPB) on layer nwell. (ZRT-030)
Warning: Ignore pin (cell sky130_fd_sc_hd__o21bai_2, pin VNB) on layer pwell. (ZRT-030)
Warning: Ignore pin (cell sky130_fd_sc_hd__o21bai_2, pin VPB) on layer nwell. (ZRT-030)
Warning: Ignore pin (cell sky130_fd_sc_hd__nand4b_4, pin VNB) on layer pwell. (ZRT-030)
Warning: Ignore pin (cell sky130_fd_sc_hd__nand4b_4, pin VPB) on layer nwell. (ZRT-030)
Warning: Ignore pin (cell sky130_fd_sc_hd__a22oi_4, pin VNB) on layer pwell. (ZRT-030)
Warning: Ignore pin (cell sky130_fd_sc_hd__a22oi_4, pin VPB) on layer nwell. (ZRT-030)
Warning: Ignore pin (cell sky130_fd_sc_hd__nor4_4, pin VNB) on layer pwell. (ZRT-030)
Warning: Ignore pin (cell sky130_fd_sc_hd__nor4_4, pin VPB) on layer nwell. (ZRT-030)
Warning: Ignore pin (cell sky130_fd_sc_hd__mux2_8, pin VNB) on layer pwell. (ZRT-030)
Warning: Ignore pin (cell sky130_fd_sc_hd__mux2_8, pin VPB) on layer nwell. (ZRT-030)
Warning: Ignore pin (cell sky130_fd_sc_hd__bufbuf_8, pin VNB) on layer pwell. (ZRT-030)
Warning: Ignore pin (cell sky130_fd_sc_hd__bufbuf_8, pin VPB) on layer nwell. (ZRT-030)
Warning: Ignore pin (cell sky130_fd_sc_hd__o31ai_4, pin VNB) on layer pwell. (ZRT-030)
Warning: Ignore pin (cell sky130_fd_sc_hd__o31ai_4, pin VPB) on layer nwell. (ZRT-030)
Warning: Ignore pin (cell sky130_fd_sc_hd__dlymetal6s4s_1, pin VNB) on layer pwell. (ZRT-030)
Warning: Ignore pin (cell sky130_fd_sc_hd__dlymetal6s4s_1, pin VPB) on layer nwell. (ZRT-030)
Warning: Ignore pin (cell sky130_fd_sc_hd__o211ai_4, pin VNB) on layer pwell. (ZRT-030)
Warning: Ignore pin (cell sky130_fd_sc_hd__o211ai_4, pin VPB) on layer nwell. (ZRT-030)
Warning: Ignore pin (cell sky130_fd_sc_hd__or2b_4, pin VNB) on layer pwell. (ZRT-030)
Warning: Ignore pin (cell sky130_fd_sc_hd__or2b_4, pin VPB) on layer nwell. (ZRT-030)
Warning: Ignore pin (cell sky130_fd_sc_hd__a41oi_2, pin VNB) on layer pwell. (ZRT-030)
Warning: Ignore pin (cell sky130_fd_sc_hd__a41oi_2, pin VPB) on layer nwell. (ZRT-030)
Warning: Ignore pin (cell sky130_fd_sc_hd__o22a_4, pin VNB) on layer pwell. (ZRT-030)
Warning: Ignore pin (cell sky130_fd_sc_hd__o22a_4, pin VPB) on layer nwell. (ZRT-030)
Warning: Ignore pin (cell sky130_fd_sc_hd__a21boi_4, pin VNB) on layer pwell. (ZRT-030)
Warning: Ignore pin (cell sky130_fd_sc_hd__a21boi_4, pin VPB) on layer nwell. (ZRT-030)
Warning: Ignore pin (cell sky130_fd_sc_hd__a2bb2o_1, pin VNB) on layer pwell. (ZRT-030)
Warning: Ignore pin (cell sky130_fd_sc_hd__a2bb2o_1, pin VPB) on layer nwell. (ZRT-030)
Warning: Ignore pin (cell sky130_fd_sc_hd__nor3b_1, pin VNB) on layer pwell. (ZRT-030)
Warning: Ignore pin (cell sky130_fd_sc_hd__nor3b_1, pin VPB) on layer nwell. (ZRT-030)
Warning: Ignore pin (cell sky130_fd_sc_hd__nor3b_4, pin VNB) on layer pwell. (ZRT-030)
Warning: Ignore pin (cell sky130_fd_sc_hd__nor3b_4, pin VPB) on layer nwell. (ZRT-030)
Warning: Ignore pin (cell sky130_fd_sc_hd__nand3b_4, pin VNB) on layer pwell. (ZRT-030)
Warning: Ignore pin (cell sky130_fd_sc_hd__nand3b_4, pin VPB) on layer nwell. (ZRT-030)
Warning: Ignore pin (cell sky130_fd_sc_hd__nor3b_2, pin VNB) on layer pwell. (ZRT-030)
Warning: Ignore pin (cell sky130_fd_sc_hd__nor3b_2, pin VPB) on layer nwell. (ZRT-030)
Warning: Ignore pin (cell sky130_fd_sc_hd__a21bo_2, pin VNB) on layer pwell. (ZRT-030)
Warning: Ignore pin (cell sky130_fd_sc_hd__a21bo_2, pin VPB) on layer nwell. (ZRT-030)
Warning: Ignore pin (cell sky130_fd_sc_hd__o21bai_4, pin VNB) on layer pwell. (ZRT-030)
Warning: Ignore pin (cell sky130_fd_sc_hd__o21bai_4, pin VPB) on layer nwell. (ZRT-030)
Warning: Ignore pin (cell sky130_fd_sc_hd__o2bb2ai_4, pin VNB) on layer pwell. (ZRT-030)
Warning: Ignore pin (cell sky130_fd_sc_hd__o2bb2ai_4, pin VPB) on layer nwell. (ZRT-030)
Warning: Ignore pin (cell sky130_fd_sc_hd__nand4bb_1, pin VNB) on layer pwell. (ZRT-030)
Warning: Ignore pin (cell sky130_fd_sc_hd__nand4bb_1, pin VPB) on layer nwell. (ZRT-030)
Warning: Ignore pin (cell sky130_fd_sc_hd__nand4bb_4, pin VNB) on layer pwell. (ZRT-030)
Warning: Ignore pin (cell sky130_fd_sc_hd__nand4bb_4, pin VPB) on layer nwell. (ZRT-030)
Warning: Ignore pin (cell sky130_fd_sc_hd__o211a_4, pin VNB) on layer pwell. (ZRT-030)
Warning: Ignore pin (cell sky130_fd_sc_hd__o211a_4, pin VPB) on layer nwell. (ZRT-030)
Warning: Ignore pin (cell sky130_fd_sc_hd__o21ba_4, pin VNB) on layer pwell. (ZRT-030)
Warning: Ignore pin (cell sky130_fd_sc_hd__o21ba_4, pin VPB) on layer nwell. (ZRT-030)
Warning: Ignore pin (cell sky130_fd_sc_hd__a21bo_4, pin VNB) on layer pwell. (ZRT-030)
Warning: Ignore pin (cell sky130_fd_sc_hd__a21bo_4, pin VPB) on layer nwell. (ZRT-030)
Warning: Ignore pin (cell sky130_fd_sc_hd__a211oi_4, pin VNB) on layer pwell. (ZRT-030)
Warning: Ignore pin (cell sky130_fd_sc_hd__a211oi_4, pin VPB) on layer nwell. (ZRT-030)
Warning: Ignore pin (cell sky130_fd_sc_hd__a22o_4, pin VNB) on layer pwell. (ZRT-030)
Warning: Ignore pin (cell sky130_fd_sc_hd__a22o_4, pin VPB) on layer nwell. (ZRT-030)
Warning: Ignore pin (cell sky130_fd_sc_hd__nor4b_1, pin VNB) on layer pwell. (ZRT-030)
Warning: Ignore pin (cell sky130_fd_sc_hd__nor4b_1, pin VPB) on layer nwell. (ZRT-030)
Warning: Ignore pin (cell sky130_fd_sc_hd__nor4b_4, pin VNB) on layer pwell. (ZRT-030)
Warning: Ignore pin (cell sky130_fd_sc_hd__nor4b_4, pin VPB) on layer nwell. (ZRT-030)
Warning: Ignore pin (cell sky130_fd_sc_hd__a2bb2o_2, pin VNB) on layer pwell. (ZRT-030)
Warning: Ignore pin (cell sky130_fd_sc_hd__a2bb2o_2, pin VPB) on layer nwell. (ZRT-030)
Warning: Ignore pin (cell sky130_fd_sc_hd__a2bb2o_4, pin VNB) on layer pwell. (ZRT-030)
Warning: Ignore pin (cell sky130_fd_sc_hd__a2bb2o_4, pin VPB) on layer nwell. (ZRT-030)
Warning: Ignore pin (cell sky130_fd_sc_hd__a21boi_0, pin VNB) on layer pwell. (ZRT-030)
Warning: Ignore pin (cell sky130_fd_sc_hd__a21boi_0, pin VPB) on layer nwell. (ZRT-030)
Warning: Ignore pin (cell sky130_fd_sc_hd__xnor3_1, pin VNB) on layer pwell. (ZRT-030)
Warning: Ignore pin (cell sky130_fd_sc_hd__xnor3_1, pin VPB) on layer nwell. (ZRT-030)
Warning: Ignore pin (cell sky130_fd_sc_hd__xnor3_2, pin VNB) on layer pwell. (ZRT-030)
Warning: Ignore pin (cell sky130_fd_sc_hd__xnor3_2, pin VPB) on layer nwell. (ZRT-030)
Warning: Ignore pin (cell sky130_fd_sc_hd__and3b_1, pin VNB) on layer pwell. (ZRT-030)
Warning: Ignore pin (cell sky130_fd_sc_hd__and3b_1, pin VPB) on layer nwell. (ZRT-030)
Warning: Ignore pin (cell sky130_fd_sc_hd__o31a_4, pin VNB) on layer pwell. (ZRT-030)
Warning: Ignore pin (cell sky130_fd_sc_hd__o31a_4, pin VPB) on layer nwell. (ZRT-030)
Warning: Ignore pin (cell sky130_fd_sc_hd__clkdlybuf4s50_2, pin VNB) on layer pwell. (ZRT-030)
Warning: Ignore pin (cell sky130_fd_sc_hd__clkdlybuf4s50_2, pin VPB) on layer nwell. (ZRT-030)
Warning: Ignore pin (cell sky130_fd_sc_hd__o2111ai_1, pin VNB) on layer pwell. (ZRT-030)
Warning: Ignore pin (cell sky130_fd_sc_hd__o2111ai_1, pin VPB) on layer nwell. (ZRT-030)
Warning: Ignore pin (cell sky130_fd_sc_hd__o2111ai_2, pin VNB) on layer pwell. (ZRT-030)
Warning: Ignore pin (cell sky130_fd_sc_hd__o2111ai_2, pin VPB) on layer nwell. (ZRT-030)
Warning: Ignore pin (cell sky130_fd_sc_hd__a221oi_2, pin VNB) on layer pwell. (ZRT-030)
Warning: Ignore pin (cell sky130_fd_sc_hd__a221oi_2, pin VPB) on layer nwell. (ZRT-030)
Warning: Ignore pin (cell sky130_fd_sc_hd__o2111a_1, pin VNB) on layer pwell. (ZRT-030)
Warning: Ignore pin (cell sky130_fd_sc_hd__o2111a_1, pin VPB) on layer nwell. (ZRT-030)
Warning: Ignore pin (cell sky130_fd_sc_hd__o2111a_2, pin VNB) on layer pwell. (ZRT-030)
Warning: Ignore pin (cell sky130_fd_sc_hd__o2111a_2, pin VPB) on layer nwell. (ZRT-030)
Warning: Ignore pin (cell sky130_fd_sc_hd__a221oi_4, pin VNB) on layer pwell. (ZRT-030)
Warning: Ignore pin (cell sky130_fd_sc_hd__a221oi_4, pin VPB) on layer nwell. (ZRT-030)
Warning: Ignore pin (cell sky130_fd_sc_hd__a221o_4, pin VNB) on layer pwell. (ZRT-030)
Warning: Ignore pin (cell sky130_fd_sc_hd__a221o_4, pin VPB) on layer nwell. (ZRT-030)
Warning: Ignore pin (cell sky130_fd_sc_hd__o221a_2, pin VNB) on layer pwell. (ZRT-030)
Warning: Ignore pin (cell sky130_fd_sc_hd__o221a_2, pin VPB) on layer nwell. (ZRT-030)
Warning: Ignore pin (cell sky130_fd_sc_hd__o221a_4, pin VNB) on layer pwell. (ZRT-030)
Warning: Ignore pin (cell sky130_fd_sc_hd__o221a_4, pin VPB) on layer nwell. (ZRT-030)
Warning: Ignore pin (cell sky130_fd_sc_hd__maj3_1, pin VNB) on layer pwell. (ZRT-030)
Warning: Ignore pin (cell sky130_fd_sc_hd__maj3_1, pin VPB) on layer nwell. (ZRT-030)
Warning: Ignore pin (cell sky130_fd_sc_hd__maj3_2, pin VNB) on layer pwell. (ZRT-030)
Warning: Ignore pin (cell sky130_fd_sc_hd__maj3_2, pin VPB) on layer nwell. (ZRT-030)
Warning: Ignore pin (cell sky130_fd_sc_hd__maj3_4, pin VNB) on layer pwell. (ZRT-030)
Warning: Ignore pin (cell sky130_fd_sc_hd__maj3_4, pin VPB) on layer nwell. (ZRT-030)
Warning: Ignore pin (cell sky130_fd_sc_hd__o32a_1, pin VNB) on layer pwell. (ZRT-030)
Warning: Ignore pin (cell sky130_fd_sc_hd__o32a_1, pin VPB) on layer nwell. (ZRT-030)
Warning: Ignore pin (cell sky130_fd_sc_hd__o32a_2, pin VNB) on layer pwell. (ZRT-030)
Warning: Ignore pin (cell sky130_fd_sc_hd__o32a_2, pin VPB) on layer nwell. (ZRT-030)
Warning: Ignore pin (cell sky130_fd_sc_hd__and3b_4, pin VNB) on layer pwell. (ZRT-030)
Warning: Ignore pin (cell sky130_fd_sc_hd__and3b_4, pin VPB) on layer nwell. (ZRT-030)
Warning: Ignore pin (cell sky130_fd_sc_hd__a32o_1, pin VNB) on layer pwell. (ZRT-030)
Warning: Ignore pin (cell sky130_fd_sc_hd__a32o_1, pin VPB) on layer nwell. (ZRT-030)
Warning: Ignore pin (cell sky130_fd_sc_hd__nor4bb_1, pin VNB) on layer pwell. (ZRT-030)
Warning: Ignore pin (cell sky130_fd_sc_hd__nor4bb_1, pin VPB) on layer nwell. (ZRT-030)
Warning: Ignore pin (cell sky130_fd_sc_hd__o221ai_2, pin VNB) on layer pwell. (ZRT-030)
Warning: Ignore pin (cell sky130_fd_sc_hd__o221ai_2, pin VPB) on layer nwell. (ZRT-030)
Warning: Ignore pin (cell sky130_fd_sc_hd__dfstp_1, pin VNB) on layer pwell. (ZRT-030)
Warning: Ignore pin (cell sky130_fd_sc_hd__dfstp_1, pin VPB) on layer nwell. (ZRT-030)
Warning: Ignore pin (cell sky130_fd_sc_hd__dfrbp_2, pin VNB) on layer pwell. (ZRT-030)
Warning: Ignore pin (cell sky130_fd_sc_hd__dfrbp_2, pin VPB) on layer nwell. (ZRT-030)
Warning: Ignore pin (cell sky130_fd_sc_hd__and3b_2, pin VNB) on layer pwell. (ZRT-030)
Warning: Ignore pin (cell sky130_fd_sc_hd__and3b_2, pin VPB) on layer nwell. (ZRT-030)
Warning: Ignore pin (cell sky130_fd_sc_hd__a31o_2, pin VNB) on layer pwell. (ZRT-030)
Warning: Ignore pin (cell sky130_fd_sc_hd__a31o_2, pin VPB) on layer nwell. (ZRT-030)
Warning: Ignore pin (cell sky130_fd_sc_hd__a2bb2oi_4, pin VNB) on layer pwell. (ZRT-030)
Warning: Ignore pin (cell sky130_fd_sc_hd__a2bb2oi_4, pin VPB) on layer nwell. (ZRT-030)
Warning: Ignore pin (cell sky130_fd_sc_hd__xor3_2, pin VNB) on layer pwell. (ZRT-030)
Warning: Ignore pin (cell sky130_fd_sc_hd__xor3_2, pin VPB) on layer nwell. (ZRT-030)
Warning: Ignore pin (cell sky130_fd_sc_hd__and4b_4, pin VNB) on layer pwell. (ZRT-030)
Warning: Ignore pin (cell sky130_fd_sc_hd__and4b_4, pin VPB) on layer nwell. (ZRT-030)
Warning: Ignore pin (cell sky130_fd_sc_hd__o2111a_4, pin VNB) on layer pwell. (ZRT-030)
Warning: Ignore pin (cell sky130_fd_sc_hd__o2111a_4, pin VPB) on layer nwell. (ZRT-030)
Warning: Ignore pin (cell sky130_fd_sc_hd__o21ba_1, pin VNB) on layer pwell. (ZRT-030)
Warning: Ignore pin (cell sky130_fd_sc_hd__o21ba_1, pin VPB) on layer nwell. (ZRT-030)
Warning: Ignore pin (cell sky130_fd_sc_hd__a211o_4, pin VNB) on layer pwell. (ZRT-030)
Warning: Ignore pin (cell sky130_fd_sc_hd__a211o_4, pin VPB) on layer nwell. (ZRT-030)
Warning: Ignore pin (cell sky130_fd_sc_hd__nand4bb_2, pin VNB) on layer pwell. (ZRT-030)
Warning: Ignore pin (cell sky130_fd_sc_hd__nand4bb_2, pin VPB) on layer nwell. (ZRT-030)
Warning: Ignore pin (cell sky130_fd_sc_hd__clkdlybuf4s18_2, pin VNB) on layer pwell. (ZRT-030)
Warning: Ignore pin (cell sky130_fd_sc_hd__clkdlybuf4s18_2, pin VPB) on layer nwell. (ZRT-030)
Warning: Ignore pin (cell sky130_fd_sc_hd__a31o_4, pin VNB) on layer pwell. (ZRT-030)
Warning: Ignore pin (cell sky130_fd_sc_hd__a31o_4, pin VPB) on layer nwell. (ZRT-030)
Warning: Ignore pin (cell sky130_fd_sc_hd__clkdlybuf4s15_1, pin VNB) on layer pwell. (ZRT-030)
Warning: Ignore pin (cell sky130_fd_sc_hd__clkdlybuf4s15_1, pin VPB) on layer nwell. (ZRT-030)
Warning: Ignore pin (cell sky130_fd_sc_hd__clkdlybuf4s15_2, pin VNB) on layer pwell. (ZRT-030)
Warning: Ignore pin (cell sky130_fd_sc_hd__clkdlybuf4s15_2, pin VPB) on layer nwell. (ZRT-030)
Warning: Ignore pin (cell sky130_fd_sc_hd__clkdlybuf4s18_1, pin VNB) on layer pwell. (ZRT-030)
Warning: Ignore pin (cell sky130_fd_sc_hd__clkdlybuf4s18_1, pin VPB) on layer nwell. (ZRT-030)
Warning: Ignore pin (cell sky130_fd_sc_hd__clkdlybuf4s25_2, pin VNB) on layer pwell. (ZRT-030)
Warning: Ignore pin (cell sky130_fd_sc_hd__clkdlybuf4s25_2, pin VPB) on layer nwell. (ZRT-030)
Warning: Ignore pin (cell sky130_fd_sc_hd__dlymetal6s6s_1, pin VNB) on layer pwell. (ZRT-030)
Warning: Ignore pin (cell sky130_fd_sc_hd__dlymetal6s6s_1, pin VPB) on layer nwell. (ZRT-030)
Warning: Ignore pin (cell sky130_fd_sc_hd__probec_p_8, pin VNB) on layer pwell. (ZRT-030)
Warning: Ignore pin (cell sky130_fd_sc_hd__probec_p_8, pin VPB) on layer nwell. (ZRT-030)
Warning: Ignore pin (cell sky130_fd_sc_hd__lpflow_clkbufkapwr_1, pin VNB) on layer pwell. (ZRT-030)
Warning: Ignore pin (cell sky130_fd_sc_hd__lpflow_clkbufkapwr_1, pin VPB) on layer nwell. (ZRT-030)
Warning: Ignore pin (cell sky130_fd_sc_hd__lpflow_clkbufkapwr_16, pin VNB) on layer pwell. (ZRT-030)
Warning: Ignore pin (cell sky130_fd_sc_hd__lpflow_clkbufkapwr_16, pin VPB) on layer nwell. (ZRT-030)
Warning: Ignore pin (cell sky130_fd_sc_hd__lpflow_clkbufkapwr_2, pin VNB) on layer pwell. (ZRT-030)
Warning: Ignore pin (cell sky130_fd_sc_hd__lpflow_clkbufkapwr_2, pin VPB) on layer nwell. (ZRT-030)
Warning: Ignore pin (cell sky130_fd_sc_hd__lpflow_clkbufkapwr_4, pin VNB) on layer pwell. (ZRT-030)
Warning: Ignore pin (cell sky130_fd_sc_hd__lpflow_clkbufkapwr_4, pin VPB) on layer nwell. (ZRT-030)
Warning: Ignore pin (cell sky130_fd_sc_hd__lpflow_clkbufkapwr_8, pin VNB) on layer pwell. (ZRT-030)
Warning: Ignore pin (cell sky130_fd_sc_hd__lpflow_clkbufkapwr_8, pin VPB) on layer nwell. (ZRT-030)
Warning: Ignore pin (cell sky130_fd_sc_hd__lpflow_clkinvkapwr_1, pin VNB) on layer pwell. (ZRT-030)
Warning: Ignore pin (cell sky130_fd_sc_hd__lpflow_clkinvkapwr_1, pin VPB) on layer nwell. (ZRT-030)
Warning: Ignore pin (cell sky130_fd_sc_hd__lpflow_clkinvkapwr_16, pin VNB) on layer pwell. (ZRT-030)
Warning: Ignore pin (cell sky130_fd_sc_hd__lpflow_clkinvkapwr_16, pin VPB) on layer nwell. (ZRT-030)
Warning: Ignore pin (cell sky130_fd_sc_hd__lpflow_clkinvkapwr_2, pin VNB) on layer pwell. (ZRT-030)
Warning: Ignore pin (cell sky130_fd_sc_hd__lpflow_clkinvkapwr_2, pin VPB) on layer nwell. (ZRT-030)
Warning: Ignore pin (cell sky130_fd_sc_hd__lpflow_clkinvkapwr_4, pin VNB) on layer pwell. (ZRT-030)
Warning: Ignore pin (cell sky130_fd_sc_hd__lpflow_clkinvkapwr_4, pin VPB) on layer nwell. (ZRT-030)
Warning: Ignore pin (cell sky130_fd_sc_hd__lpflow_clkinvkapwr_8, pin VNB) on layer pwell. (ZRT-030)
Warning: Ignore pin (cell sky130_fd_sc_hd__lpflow_clkinvkapwr_8, pin VPB) on layer nwell. (ZRT-030)
Warning: Ignore pin (cell sky130_fd_sc_hd__or3_4, pin VNB) on layer pwell. (ZRT-030)
Warning: Ignore pin (cell sky130_fd_sc_hd__or3_4, pin VPB) on layer nwell. (ZRT-030)
Warning: Ignore pin (cell sky130_fd_sc_hd__o221ai_4, pin VNB) on layer pwell. (ZRT-030)
Warning: Ignore pin (cell sky130_fd_sc_hd__o221ai_4, pin VPB) on layer nwell. (ZRT-030)
Warning: Ignore pin (cell sky130_fd_sc_hd__o2111ai_4, pin VNB) on layer pwell. (ZRT-030)
Warning: Ignore pin (cell sky130_fd_sc_hd__o2111ai_4, pin VPB) on layer nwell. (ZRT-030)
Warning: Ignore pin (cell sky130_fd_sc_hd__a2111o_1, pin VNB) on layer pwell. (ZRT-030)
Warning: Ignore pin (cell sky130_fd_sc_hd__a2111o_1, pin VPB) on layer nwell. (ZRT-030)
Warning: Ignore pin (cell sky130_fd_sc_hd__o221a_1, pin VNB) on layer pwell. (ZRT-030)
Warning: Ignore pin (cell sky130_fd_sc_hd__o221a_1, pin VPB) on layer nwell. (ZRT-030)
Warning: Ignore pin (cell sky130_fd_sc_hd__a211o_2, pin VNB) on layer pwell. (ZRT-030)
Warning: Ignore pin (cell sky130_fd_sc_hd__a211o_2, pin VPB) on layer nwell. (ZRT-030)
Warning: Ignore pin (cell sky130_fd_sc_hd__and4bb_1, pin VNB) on layer pwell. (ZRT-030)
Warning: Ignore pin (cell sky130_fd_sc_hd__and4bb_1, pin VPB) on layer nwell. (ZRT-030)
Warning: Ignore pin (cell sky130_fd_sc_hd__o31a_2, pin VNB) on layer pwell. (ZRT-030)
Warning: Ignore pin (cell sky130_fd_sc_hd__o31a_2, pin VPB) on layer nwell. (ZRT-030)
Warning: Ignore 2 top cell ports with no pins. (ZRT-027)
Info: number of net_type_blockage: 0 
Wire on layer (met1) needs more than one tracks
Via on layer (mcon) needs more than one tracks
Via on layer (via) needs more than one tracks
Warning: Layer met1 pitch 0.340 may be too small: wire/via-down 0.355, wire/via-up 0.370. (ZRT-026)
Via on layer (via4) needs more than one tracks
Warning: Layer met4 pitch 0.920 may be too small: wire/via-down 0.615, wire/via-up 1.040. (ZRT-026)
Transition layer name: met4(4)
Information: When applicable Min-max layer allow_pin_connection mode will allow paths of length 8.62 outside the layer range. (ZRT-707)
Information: When applicable Min-max layer allow_pin_connection mode will allow paths of length 8.62 outside the layer range on clock nets. (ZRT-718)
Information: When applicable layer based tapering will taper up to 0.00 in distance from the pin. (ZRT-706)
7 masters (7 pins) have donut holes


Start checking for open nets ... 

Total number of nets = 40609, of which 0 are not extracted
Total number of open nets = 0, of which 0 are frozen

Check 40609 nets, 0 have Errors

[CHECK OPEN NETS] Elapsed real time: 0:00:00 
[CHECK OPEN NETS] Elapsed cpu  time: sys=0:00:00 usr=0:00:00 total=0:00:00
[CHECK OPEN NETS] Stage (MB): Used    0  Alloctr    0  Proc    0 
[CHECK OPEN NETS] Total (MB): Used   91  Alloctr   92  Proc 5720 
Printing options for 'route.common.*'
common.interactive_mode_clear_timing                    :	 true                
common.verbose_level                                    :	 0                   

Printing options for 'route.detail.*'
detail.eco_route_use_soft_spacing_for_timing_optimization:	 true                
detail.timing_driven                                    :	 false               

Printing options for 'route.auto_via_ladder.*'


Begin full DRC check ...

Information: Using 1 threads for routing. (ZRT-444)
Checked	8/900 Partitions, Violations =	0
Checked	36/900 Partitions, Violations =	0
Checked	72/900 Partitions, Violations =	0
Checked	108/900 Partitions, Violations =	47
Checked	144/900 Partitions, Violations =	5055
Checked	180/900 Partitions, Violations =	5100
Checked	216/900 Partitions, Violations =	5100
Checked	252/900 Partitions, Violations =	5100
Checked	288/900 Partitions, Violations =	5100
Checked	324/900 Partitions, Violations =	5188
Checked	360/900 Partitions, Violations =	7831
Checked	396/900 Partitions, Violations =	7831
Checked	432/900 Partitions, Violations =	7831
Checked	468/900 Partitions, Violations =	8653
Checked	504/900 Partitions, Violations =	18869
Checked	540/900 Partitions, Violations =	18919
Checked	576/900 Partitions, Violations =	18919
Checked	612/900 Partitions, Violations =	18919
Checked	648/900 Partitions, Violations =	18919
Checked	684/900 Partitions, Violations =	19021
Checked	720/900 Partitions, Violations =	19342
Checked	756/900 Partitions, Violations =	19342
Checked	792/900 Partitions, Violations =	19342
Checked	828/900 Partitions, Violations =	19342
Checked	864/900 Partitions, Violations =	19342
Checked	900/900 Partitions, Violations =	19342
[DRC CHECK] Elapsed real time: 0:00:26 
[DRC CHECK] Elapsed cpu  time: sys=0:00:00 usr=0:00:26 total=0:00:27
[DRC CHECK] Stage (MB): Used    2  Alloctr    2  Proc    0 
[DRC CHECK] Total (MB): Used  165  Alloctr  167  Proc 5720 
Warning: No antenna rules defined, Skip antenna analysis. (ZRT-309)
Information: Merged away 14005 aligned/redundant DRCs. (ZRT-305)

DRC-SUMMARY:
	@@@@@@@ TOTAL VIOLATIONS =	5337
	Diff net spacing : 742
	Diff net via-cut spacing : 709
	Less than minimum area : 4
	Less than minimum width : 36
	Same net spacing : 29
	Same net via-cut spacing : 9
	Short : 3808


Total Wire Length =                    3477299 micron
Total Number of Contacts =             436432
Total Number of Wires =                416124
Total Number of PtConns =              5676
Total Number of Routed Wires =       416124
Total Routed Wire Length =           3476028 micron
Total Number of Routed Contacts =       436432
	Layer          li1 :      70376 micron
	Layer         met1 :      67376 micron
	Layer         met2 :    1270643 micron
	Layer         met3 :    1306981 micron
	Layer         met4 :     573847 micron
	Layer         met5 :     188076 micron
	Via        M4M5_PR :       5270
	Via        M3M4_PR :          1
	Via   M3M4_PR(rot) :      32912
	Via      M3M4_PR_C :        589
	Via        M2M3_PR :     145393
	Via   M2M3_PR(rot) :        608
	Via        M1M2_PR :        477
	Via   M1M2_PR(rot) :     123997
	Via        L1M1_PR :       3866
	Via   L1M1_PR(rot) :     122761
	Via      L1M1_PR_C :        558

 
Redundant via conversion report:
--------------------------------

  Total optimized via conversion rate =  0.00% (0 / 436432 vias)
 
    Layer mcon       =  0.00% (0      / 127185  vias)
        Un-optimized =  0.00% (0       vias)
        Un-mapped    = 100.00% (127185  vias)
    Layer via        =  0.00% (0      / 124474  vias)
        Un-optimized =  0.00% (0       vias)
        Un-mapped    = 100.00% (124474  vias)
    Layer via2       =  0.00% (0      / 146001  vias)
        Un-optimized =  0.00% (0       vias)
        Un-mapped    = 100.00% (146001  vias)
    Layer via3       =  0.00% (0      / 33502   vias)
        Un-optimized =  0.00% (0       vias)
        Un-mapped    = 100.00% (33502   vias)
    Layer via4       =  0.00% (0      / 5270    vias)
        Un-optimized =  0.00% (0       vias)
        Un-mapped    = 100.00% (5270    vias)
 
  Total double via conversion rate    =  0.00% (0 / 436432 vias)
 
    Layer mcon       =  0.00% (0      / 127185  vias)
    Layer via        =  0.00% (0      / 124474  vias)
    Layer via2       =  0.00% (0      / 146001  vias)
    Layer via3       =  0.00% (0      / 33502   vias)
    Layer via4       =  0.00% (0      / 5270    vias)
 
  The optimized via conversion rate based on total routed via count =  0.00% (0 / 436432 vias)
 
    Layer mcon       =  0.00% (0      / 127185  vias)
        Un-optimized =  0.00% (0       vias)
        Un-mapped    = 100.00% (127185  vias)
    Layer via        =  0.00% (0      / 124474  vias)
        Un-optimized =  0.00% (0       vias)
        Un-mapped    = 100.00% (124474  vias)
    Layer via2       =  0.00% (0      / 146001  vias)
        Un-optimized =  0.00% (0       vias)
        Un-mapped    = 100.00% (146001  vias)
    Layer via3       =  0.00% (0      / 33502   vias)
        Un-optimized =  0.00% (0       vias)
        Un-mapped    = 100.00% (33502   vias)
    Layer via4       =  0.00% (0      / 5270    vias)
        Un-optimized =  0.00% (0       vias)
        Un-mapped    = 100.00% (5270    vias)
 


Verify Summary:

Total number of nets = 40609, of which 0 are not extracted
Total number of open nets = 0, of which 0 are frozen
Total number of excluded ports = 0 ports of 0 unplaced cells connected to 0 nets
                                 0 ports without pins of 0 cells connected to 0 nets
                                 0 ports of 0 cover cells connected to 0 non-pg nets
Total number of DRCs = 5337
Total number of antenna violations = no antenna rules defined
Total number of tie to rail violations = not checked
Total number of tie to rail directly violations = not checked


