Information: The value of option cts.compile.enable_cell_relocation has been overridden to "leaf_only" to support latency-driven placement. (CTS-973)
****************************************
 Report : clock settings
 Design : riscv_soc
 Date   : Mon Apr 27 01:49:42 2026
****************************************


======================================
Configurations 
======================================

##Global
  Corner = ff_n40C_1v95
    Max transition: 1.500
    Max capacitance: 0.600 (default)
    Target skew: 0 (default)
    Target latency: Not specified
  Corner = ss_100C_1v60
    Max transition: 1.500
    Max capacitance: 0.600 (default)
    Target skew: 0 (default)
    Target latency: Not specified
  Corner = tt_025C_1v80
    Max transition: 1.500
    Max capacitance: 0.600 (default)
    Target skew: 0 (default)
    Target latency: Not specified

##clk
  Corner = ff_n40C_1v95
    Max transition: 1.500
    Max capacitance: 0.600 (default)
    Target skew: 1.050
    Target latency: Not specified
  Corner = ss_100C_1v60
    Max transition: 1.500
    Max capacitance: 0.600 (default)
    Target skew: 1.050
    Target latency: Not specified
  Corner = tt_025C_1v80
    Max transition: 1.500
    Max capacitance: 0.600 (default)
    Target skew: 1.050
    Target latency: Not specified


======================================
Routing Rules 
======================================

##Global
Routing rule for sink nets: Not specified
Routing rule for internal nets: Not specified
Routing rule for root nets: Not specified
Routing rule for all nets: Not specified
Net-based routing rules (by set_clock_routing_rule): Not specified
Net-based routing rules (by set_routing_rule): Not specified

##clk
Routing rule for sink nets: Not specified
Routing rule for internal nets: Not specified
Routing rule for root nets: Not specified
Routing rule for all nets: Not specified
Net-based routing rules (by set_clock_routing_rule): Not specified
Net-based routing rules (by set_routing_rule): Not specified


======================================
Buffers and Inverters 
======================================

##Buffers
Name                                   Area      Max Transition       Max Load
------------------------------------------------------------------------------
sky130_fd_sc_hd__ss_100C_1v60/sky130_fd_sc_hd__buf_1
                                      3.754               1.500          0.081
sky130_fd_sc_hd__ss_100C_1v60/sky130_fd_sc_hd__buf_12
                                     20.019               5.000          5.000
sky130_fd_sc_hd__ss_100C_1v60/sky130_fd_sc_hd__buf_16
                                     27.526               5.000          5.000
sky130_fd_sc_hd__ss_100C_1v60/sky130_fd_sc_hd__buf_2
                                      5.005               1.500          0.199
sky130_fd_sc_hd__ss_100C_1v60/sky130_fd_sc_hd__buf_4
                                      7.507               1.500          0.353
sky130_fd_sc_hd__ss_100C_1v60/sky130_fd_sc_hd__buf_6
                                     11.261               1.500          0.495
sky130_fd_sc_hd__ss_100C_1v60/sky130_fd_sc_hd__buf_8
                                     15.014               5.000          5.000
sky130_fd_sc_hd__ss_100C_1v60/sky130_fd_sc_hd__bufbuf_16
                                     32.531               1.500          1.004
sky130_fd_sc_hd__ss_100C_1v60/sky130_fd_sc_hd__bufbuf_8
                                     18.768               1.500          0.604
sky130_fd_sc_hd__ss_100C_1v60/sky130_fd_sc_hd__clkbuf_1
                                      3.754               1.500          0.081
sky130_fd_sc_hd__ss_100C_1v60/sky130_fd_sc_hd__clkbuf_16
                                     25.024               1.500          1.017
sky130_fd_sc_hd__ss_100C_1v60/sky130_fd_sc_hd__clkbuf_2
                                      5.005               1.500          0.181
sky130_fd_sc_hd__ss_100C_1v60/sky130_fd_sc_hd__clkbuf_4
                                      7.507               1.500          0.331
sky130_fd_sc_hd__ss_100C_1v60/sky130_fd_sc_hd__clkbuf_8
                                     13.763               1.500          0.586
sky130_fd_sc_hd__ss_100C_1v60/sky130_fd_sc_hd__clkdlybuf4s15_1
                                     10.010               1.500          0.101
sky130_fd_sc_hd__ss_100C_1v60/sky130_fd_sc_hd__clkdlybuf4s15_2
                                     11.261               1.500          0.178
sky130_fd_sc_hd__ss_100C_1v60/sky130_fd_sc_hd__clkdlybuf4s18_1
                                     10.010               1.500          0.101
sky130_fd_sc_hd__ss_100C_1v60/sky130_fd_sc_hd__clkdlybuf4s18_2
                                     10.010               1.500          0.186
sky130_fd_sc_hd__ss_100C_1v60/sky130_fd_sc_hd__clkdlybuf4s25_1
                                     10.010               1.500          0.094
sky130_fd_sc_hd__ss_100C_1v60/sky130_fd_sc_hd__clkdlybuf4s25_2
                                     10.010               1.500          0.188
sky130_fd_sc_hd__ss_100C_1v60/sky130_fd_sc_hd__clkdlybuf4s50_1
                                     10.010               1.500          0.098
sky130_fd_sc_hd__ss_100C_1v60/sky130_fd_sc_hd__clkdlybuf4s50_2
                                     11.261               1.500          0.185
sky130_fd_sc_hd__ss_100C_1v60/sky130_fd_sc_hd__dlygate4sd1_1
                                      8.758               1.500          0.103
sky130_fd_sc_hd__ss_100C_1v60/sky130_fd_sc_hd__dlygate4sd2_1
                                      8.758               1.500          0.102
sky130_fd_sc_hd__ss_100C_1v60/sky130_fd_sc_hd__dlygate4sd3_1
                                     10.010               1.500          0.101
sky130_fd_sc_hd__ss_100C_1v60/sky130_fd_sc_hd__dlymetal6s2s_1
                                     12.512               1.500          0.101
sky130_fd_sc_hd__ss_100C_1v60/sky130_fd_sc_hd__dlymetal6s4s_1
                                     12.512               1.500          0.101
sky130_fd_sc_hd__ss_100C_1v60/sky130_fd_sc_hd__dlymetal6s6s_1
                                     12.512               1.500          0.103
sky130_fd_sc_hd__ss_100C_1v60/sky130_fd_sc_hd__probe_p_8
                                     15.014               1.500          0.614
sky130_fd_sc_hd__ss_100C_1v60/sky130_fd_sc_hd__probec_p_8
                                     15.014               1.500          0.612
sky130_fd_sc_hd__ss_100C_1v60/sky130_fd_sc_hd__lpflow_clkbufkapwr_1
                                      3.754               1.500          0.081
sky130_fd_sc_hd__ss_100C_1v60/sky130_fd_sc_hd__lpflow_clkbufkapwr_16
                                     25.024               1.500          1.129
sky130_fd_sc_hd__ss_100C_1v60/sky130_fd_sc_hd__lpflow_clkbufkapwr_2
                                      5.005               1.500          0.181
sky130_fd_sc_hd__ss_100C_1v60/sky130_fd_sc_hd__lpflow_clkbufkapwr_4
                                      7.507               1.500          0.333
sky130_fd_sc_hd__ss_100C_1v60/sky130_fd_sc_hd__lpflow_clkbufkapwr_8
                                     13.763               1.500          0.608

##Inverters
Name                                   Area      Max Transition       Max Load
------------------------------------------------------------------------------
sky130_fd_sc_hd__ss_100C_1v60/sky130_fd_sc_hd__bufinv_16
                                     30.029               1.500          1.015
sky130_fd_sc_hd__ss_100C_1v60/sky130_fd_sc_hd__bufinv_8
                                     17.517               1.500          0.607
sky130_fd_sc_hd__ss_100C_1v60/sky130_fd_sc_hd__clkinv_1
                                      3.754               1.500          0.103
sky130_fd_sc_hd__ss_100C_1v60/sky130_fd_sc_hd__clkinv_16
                                     30.029               1.500          1.454
sky130_fd_sc_hd__ss_100C_1v60/sky130_fd_sc_hd__clkinv_2
                                      5.005               1.500          0.217
sky130_fd_sc_hd__ss_100C_1v60/sky130_fd_sc_hd__clkinv_4
                                      8.758               1.500          0.446
sky130_fd_sc_hd__ss_100C_1v60/sky130_fd_sc_hd__clkinv_8
                                     16.266               1.500          0.837
sky130_fd_sc_hd__ss_100C_1v60/sky130_fd_sc_hd__clkinvlp_2
                                      5.005               1.500          0.073
sky130_fd_sc_hd__ss_100C_1v60/sky130_fd_sc_hd__clkinvlp_4
                                      7.507               1.500          0.154
sky130_fd_sc_hd__ss_100C_1v60/sky130_fd_sc_hd__inv_1
                                      3.754               1.500          0.115
sky130_fd_sc_hd__ss_100C_1v60/sky130_fd_sc_hd__inv_12
                                     16.266               1.500          0.915
sky130_fd_sc_hd__ss_100C_1v60/sky130_fd_sc_hd__inv_16
                                     20.019               1.500          1.126
sky130_fd_sc_hd__ss_100C_1v60/sky130_fd_sc_hd__inv_2
                                      3.754               1.500          0.210
sky130_fd_sc_hd__ss_100C_1v60/sky130_fd_sc_hd__inv_4
                                      6.256               1.500          0.361
sky130_fd_sc_hd__ss_100C_1v60/sky130_fd_sc_hd__inv_6
                                      8.758               1.500          0.502
sky130_fd_sc_hd__ss_100C_1v60/sky130_fd_sc_hd__inv_8
                                     11.261               1.500          0.661
sky130_fd_sc_hd__ss_100C_1v60/sky130_fd_sc_hd__lpflow_clkinvkapwr_1
                                      3.754               1.500          0.103
sky130_fd_sc_hd__ss_100C_1v60/sky130_fd_sc_hd__lpflow_clkinvkapwr_16
                                     30.029               1.500          1.450
sky130_fd_sc_hd__ss_100C_1v60/sky130_fd_sc_hd__lpflow_clkinvkapwr_2
                                      5.005               1.500          0.217
sky130_fd_sc_hd__ss_100C_1v60/sky130_fd_sc_hd__lpflow_clkinvkapwr_4
                                      8.758               1.500          0.448
sky130_fd_sc_hd__ss_100C_1v60/sky130_fd_sc_hd__lpflow_clkinvkapwr_8
                                     16.266               1.500          0.838


======================================
Spacing Rules 
======================================

##By design
No by design spacing rule is specified

##By clock
No by clock spacing rule is specified

##By libcell
No by libcell spacing rule is specified

##By clock and libcell
No by clock and libcell spacing rule is specified
1
