****************************************
Report : timing
        -path_type full
        -delay_type min
        -max_paths 10
        -report_by design
Design : riscv_soc
Version: T-2022.03-SP2
Date   : Mon Apr 27 01:44:43 2026
****************************************

  Startpoint: rst_cpu_i (input port clocked by clk)
  Endpoint: u_core/u_core/u_mmu/virt_addr_q_reg[13] (removal check against rising-edge clock clocked by clk)
  Mode: func
  Corner: ss_100C_1v60
  Scenario: func@ss_100C_1v60.setup
  Path Group: REGIN
  Path Type: min

  Point                                            Incr      Path  
  ------------------------------------------------------------------------
  clock clk (rise edge)                            0.00      0.00
  clock network delay (propagated)                 1.76      1.82
  input external delay                             0.70      2.52 f
  rst_cpu_i (in)                                   0.06      2.52 f
  u_core/gre_d_INV_2714_inst_94159/Y (sky130_fd_sc_hd__clkinv_8)
                                                   0.21      2.73 r
  u_core/gre_d_INV_772_inst_94156/Y (sky130_fd_sc_hd__bufinv_16)
                                                   0.56      3.29 f
  u_core/gre_d_INV_408_inst_94155/Y (sky130_fd_sc_hd__clkinv_16)
                                                   0.32      3.62 r
  u_core/u_core/u_mmu/virt_addr_q_reg[13]/RESET_B (sky130_fd_sc_hd__dfrtp_4)
                                                   0.38      3.99 r
  data arrival time                                          3.99

  clock clk (rise edge)                            0.00      0.00
  clock network delay (propagated)                 2.81      2.81
  u_core/u_core/u_mmu/virt_addr_q_reg[13]/CLK (sky130_fd_sc_hd__dfrtp_4)
                                                   0.00      2.81 r
  clock uncertainty                                0.07      2.88
  library hold time                                1.32      4.20
  data required time                                         4.20
  ------------------------------------------------------------------------
  data required time                                         4.20
  data arrival time                                         -3.99
  ------------------------------------------------------------------------
  slack (VIOLATED)                                          -0.21



  Startpoint: rst_cpu_i (input port clocked by clk)
  Endpoint: u_core/u_core/u_mmu/virt_addr_q_reg[28] (removal check against rising-edge clock clocked by clk)
  Mode: func
  Corner: ss_100C_1v60
  Scenario: func@ss_100C_1v60.setup
  Path Group: REGIN
  Path Type: min

  Point                                            Incr      Path  
  ------------------------------------------------------------------------
  clock clk (rise edge)                            0.00      0.00
  clock network delay (propagated)                 1.76      1.82
  input external delay                             0.70      2.52 f
  rst_cpu_i (in)                                   0.06      2.52 f
  u_core/gre_d_INV_2714_inst_94159/Y (sky130_fd_sc_hd__clkinv_8)
                                                   0.21      2.73 r
  u_core/gre_d_INV_772_inst_94156/Y (sky130_fd_sc_hd__bufinv_16)
                                                   0.56      3.29 f
  u_core/gre_d_INV_408_inst_94155/Y (sky130_fd_sc_hd__clkinv_16)
                                                   0.32      3.62 r
  u_core/u_core/u_mmu/virt_addr_q_reg[28]/RESET_B (sky130_fd_sc_hd__dfrtp_1)
                                                   0.38      3.99 r
  data arrival time                                          3.99

  clock clk (rise edge)                            0.00      0.00
  clock network delay (propagated)                 2.81      2.81
  u_core/u_core/u_mmu/virt_addr_q_reg[28]/CLK (sky130_fd_sc_hd__dfrtp_1)
                                                   0.00      2.81 r
  clock uncertainty                                0.07      2.88
  library hold time                                1.32      4.20
  data required time                                         4.20
  ------------------------------------------------------------------------
  data required time                                         4.20
  data arrival time                                         -3.99
  ------------------------------------------------------------------------
  slack (VIOLATED)                                          -0.21



  Startpoint: rst_cpu_i (input port clocked by clk)
  Endpoint: u_core/u_core/u_mmu/dtlb_va_addr_q_reg[16] (removal check against rising-edge clock clocked by clk)
  Mode: func
  Corner: ss_100C_1v60
  Scenario: func@ss_100C_1v60.setup
  Path Group: REGIN
  Path Type: min

  Point                                            Incr      Path  
  ------------------------------------------------------------------------
  clock clk (rise edge)                            0.00      0.00
  clock network delay (propagated)                 1.76      1.82
  input external delay                             0.70      2.52 f
  rst_cpu_i (in)                                   0.06      2.52 f
  u_core/gre_d_INV_2714_inst_94159/Y (sky130_fd_sc_hd__clkinv_8)
                                                   0.21      2.73 r
  u_core/gre_d_INV_772_inst_94156/Y (sky130_fd_sc_hd__bufinv_16)
                                                   0.56      3.29 f
  u_core/gre_d_INV_408_inst_94155/Y (sky130_fd_sc_hd__clkinv_16)
                                                   0.32      3.62 r
  u_core/u_core/u_mmu/dtlb_va_addr_q_reg[16]/RESET_B (sky130_fd_sc_hd__dfrtp_1)
                                                   0.38      3.99 r
  data arrival time                                          3.99

  clock clk (rise edge)                            0.00      0.00
  clock network delay (propagated)                 2.81      2.81
  u_core/u_core/u_mmu/dtlb_va_addr_q_reg[16]/CLK (sky130_fd_sc_hd__dfrtp_1)
                                                   0.00      2.81 r
  clock uncertainty                                0.07      2.88
  library hold time                                1.32      4.20
  data required time                                         4.20
  ------------------------------------------------------------------------
  data required time                                         4.20
  data arrival time                                         -3.99
  ------------------------------------------------------------------------
  slack (VIOLATED)                                          -0.21



  Startpoint: rst_cpu_i (input port clocked by clk)
  Endpoint: u_core/u_core/u_mmu/itlb_va_addr_q_reg[26] (removal check against rising-edge clock clocked by clk)
  Mode: func
  Corner: ss_100C_1v60
  Scenario: func@ss_100C_1v60.setup
  Path Group: REGIN
  Path Type: min

  Point                                            Incr      Path  
  ------------------------------------------------------------------------
  clock clk (rise edge)                            0.00      0.00
  clock network delay (propagated)                 1.76      1.82
  input external delay                             0.70      2.52 f
  rst_cpu_i (in)                                   0.06      2.52 f
  u_core/gre_d_INV_2714_inst_94159/Y (sky130_fd_sc_hd__clkinv_8)
                                                   0.21      2.73 r
  u_core/gre_d_INV_772_inst_94156/Y (sky130_fd_sc_hd__bufinv_16)
                                                   0.56      3.29 f
  u_core/gre_d_INV_408_inst_94155/Y (sky130_fd_sc_hd__clkinv_16)
                                                   0.32      3.62 r
  u_core/u_core/u_mmu/itlb_va_addr_q_reg[26]/RESET_B (sky130_fd_sc_hd__dfrtp_1)
                                                   0.38      3.99 r
  data arrival time                                          3.99

  clock clk (rise edge)                            0.00      0.00
  clock network delay (propagated)                 2.81      2.81
  u_core/u_core/u_mmu/itlb_va_addr_q_reg[26]/CLK (sky130_fd_sc_hd__dfrtp_1)
                                                   0.00      2.81 r
  clock uncertainty                                0.07      2.88
  library hold time                                1.32      4.20
  data required time                                         4.20
  ------------------------------------------------------------------------
  data required time                                         4.20
  data arrival time                                         -3.99
  ------------------------------------------------------------------------
  slack (VIOLATED)                                          -0.20



  Startpoint: u_core/u_core/u_decode/pc_q_reg[6] (rising edge-triggered flip-flop clocked by clk)
  Endpoint: u_core/u_core/u_csr/csr_mepc_q_reg[6] (rising edge-triggered flip-flop clocked by clk)
  Mode: func
  Corner: ff_n40C_1v95
  Scenario: func@ff_n40C_1v95.hold
  Path Group: reg2reg
  Path Type: min

  Point                                            Incr      Path  
  ------------------------------------------------------------------------
  clock clk (rise edge)                            0.00      0.00
  clock network delay (propagated)                 0.59      0.59

  u_core/u_core/u_decode/pc_q_reg[6]/CLK (sky130_fd_sc_hd__dfrtp_2)
                                                   0.00      0.59 r
  u_core/u_core/u_decode/pc_q_reg[6]/Q (sky130_fd_sc_hd__dfrtp_2)
                                                   0.38      0.97 f
  u_core/u_core/u_csr/ctmTdsLR_4_72505/Y (sky130_fd_sc_hd__nand2_2)
                                                   0.12      1.09 r
  u_core/u_core/u_csr/ctmTdsLR_1_72502/Y (sky130_fd_sc_hd__nand4_4)
                                                   0.06      1.16 f
  u_core/u_core/u_csr/csr_mepc_q_reg[6]/D (sky130_fd_sc_hd__dfrtp_4)
                                                   0.00      1.16 f
  data arrival time                                          1.16

  clock clk (rise edge)                            0.00      0.00
  clock network delay (propagated)                 1.10      1.10
  u_core/u_core/u_csr/csr_mepc_q_reg[6]/CLK (sky130_fd_sc_hd__dfrtp_4)
                                                   0.00      1.10 r
  clock uncertainty                                0.07      1.17
  library hold time                                0.00      1.18
  data required time                                         1.18
  ------------------------------------------------------------------------
  data required time                                         1.18
  data arrival time                                         -1.16
  ------------------------------------------------------------------------
  slack (VIOLATED)                                          -0.02



  Startpoint: u_core/u_core/u_decode/pc_q_reg[11] (rising edge-triggered flip-flop clocked by clk)
  Endpoint: u_core/u_core/u_csr/csr_mepc_q_reg[11] (rising edge-triggered flip-flop clocked by clk)
  Mode: func
  Corner: ff_n40C_1v95
  Scenario: func@ff_n40C_1v95.hold
  Path Group: reg2reg
  Path Type: min

  Point                                            Incr      Path  
  ------------------------------------------------------------------------
  clock clk (rise edge)                            0.00      0.00
  clock network delay (propagated)                 0.60      0.60

  u_core/u_core/u_decode/pc_q_reg[11]/CLK (sky130_fd_sc_hd__dfrtp_2)
                                                   0.00      0.60 r
  u_core/u_core/u_decode/pc_q_reg[11]/Q (sky130_fd_sc_hd__dfrtp_2)
                                                   0.37      0.97 r
  u_core/u_core/u_csr/ctmTdsLR_3_91828/X (sky130_fd_sc_hd__xor2_1)
                                                   0.08      1.05 f
  u_core/u_core/u_csr/ctmTdsLR_2_35862/Y (sky130_fd_sc_hd__nand2_1)
                                                   0.06      1.11 r
  u_core/u_core/u_csr/ctmTdsLR_1_82889/Y (sky130_fd_sc_hd__nand3_2)
                                                   0.05      1.16 f
  u_core/u_core/u_csr/csr_mepc_q_reg[11]/D (sky130_fd_sc_hd__dfrtp_4)
                                                   0.00      1.17 f
  data arrival time                                          1.17

  clock clk (rise edge)                            0.00      0.00
  clock network delay (propagated)                 1.10      1.10
  u_core/u_core/u_csr/csr_mepc_q_reg[11]/CLK (sky130_fd_sc_hd__dfrtp_4)
                                                   0.00      1.10 r
  clock uncertainty                                0.07      1.17
  library hold time                                0.01      1.18
  data required time                                         1.18
  ------------------------------------------------------------------------
  data required time                                         1.18
  data arrival time                                         -1.17
  ------------------------------------------------------------------------
  slack (VIOLATED)                                          -0.01



  Startpoint: u_core/u_core/u_decode/pc_q_reg[3] (rising edge-triggered flip-flop clocked by clk)
  Endpoint: u_core/u_core/u_csr/csr_sepc_q_reg[4] (rising edge-triggered flip-flop clocked by clk)
  Mode: func
  Corner: ff_n40C_1v95
  Scenario: func@ff_n40C_1v95.hold
  Path Group: reg2reg
  Path Type: min

  Point                                            Incr      Path  
  ------------------------------------------------------------------------
  clock clk (rise edge)                            0.00      0.00
  clock network delay (propagated)                 0.59      0.59

  u_core/u_core/u_decode/pc_q_reg[3]/CLK (sky130_fd_sc_hd__dfrtp_2)
                                                   0.00      0.59 r
  u_core/u_core/u_decode/pc_q_reg[3]/Q (sky130_fd_sc_hd__dfrtp_2)
                                                   0.37      0.97 f
  u_core/u_core/u_csr/ctmTdsLR_1_88972/Y (sky130_fd_sc_hd__nand2_2)
                                                   0.11      1.08 r
  u_core/u_core/u_csr/U3/Y (sky130_fd_sc_hd__xnor2_1)
                                                   0.04      1.12 f
  u_core/u_core/u_csr/gre_h_inst_96540/X (sky130_fd_sc_hd__buf_2)
                                                   0.08      1.20 f
  u_core/u_core/u_csr/U929/Y (sky130_fd_sc_hd__nand2_1)
                                                   0.08      1.28 r
  u_core/u_core/u_csr/ctmTdsLR_1_45251/Y (sky130_fd_sc_hd__nand4_2)
                                                   0.07      1.36 f
  u_core/u_core/u_csr/csr_sepc_q_reg[4]/D (sky130_fd_sc_hd__dfrtp_1)
                                                   0.00      1.36 f
  data arrival time                                          1.36

  clock clk (rise edge)                            0.00      0.00
  clock network delay (propagated)                 1.30      1.30
  u_core/u_core/u_csr/csr_sepc_q_reg[4]/CLK (sky130_fd_sc_hd__dfrtp_1)
                                                   0.00      1.30 r
  clock uncertainty                                0.07      1.37
  library hold time                               -0.00      1.37
  data required time                                         1.37
  ------------------------------------------------------------------------
  data required time                                         1.37
  data arrival time                                         -1.36
  ------------------------------------------------------------------------
  slack (VIOLATED)                                          -0.01



  Startpoint: u_core/u_core/u_decode/pc_q_reg[7] (rising edge-triggered flip-flop clocked by clk)
  Endpoint: u_core/u_core/u_csr/pc_m_q_reg[7] (rising edge-triggered flip-flop clocked by clk)
  Mode: func
  Corner: ff_n40C_1v95
  Scenario: func@ff_n40C_1v95.hold
  Path Group: reg2reg
  Path Type: min

  Point                                            Incr      Path  
  ------------------------------------------------------------------------
  clock clk (rise edge)                            0.00      0.00
  clock network delay (propagated)                 0.60      0.60

  u_core/u_core/u_decode/pc_q_reg[7]/CLK (sky130_fd_sc_hd__dfrtp_4)
                                                   0.00      0.60 r
  u_core/u_core/u_decode/pc_q_reg[7]/Q (sky130_fd_sc_hd__dfrtp_4)
                                                   0.39      0.98 f
  u_core/u_core/u_csr/ctmTdsLR_2_84322/Y (sky130_fd_sc_hd__inv_1)
                                                   0.07      1.05 r
  u_core/u_core/u_csr/gre_h_inst_96503/X (sky130_fd_sc_hd__clkbuf_4)
                                                   0.08      1.13 r
  u_core/u_core/u_csr/ctmTdsLR_1_84321/Y (sky130_fd_sc_hd__mux2i_1)
                                                   0.04      1.17 f
  u_core/u_core/u_csr/pc_m_q_reg[7]/D (sky130_fd_sc_hd__dfrtp_1)
                                                   0.00      1.17 f
  data arrival time                                          1.17

  clock clk (rise edge)                            0.00      0.00
  clock network delay (propagated)                 1.10      1.10
  u_core/u_core/u_csr/pc_m_q_reg[7]/CLK (sky130_fd_sc_hd__dfrtp_1)
                                                   0.00      1.10 r
  clock uncertainty                                0.07      1.17
  library hold time                                0.00      1.18
  data required time                                         1.18
  ------------------------------------------------------------------------
  data required time                                         1.18
  data arrival time                                         -1.17
  ------------------------------------------------------------------------
  slack (VIOLATED)                                          -0.01



  Startpoint: u_core/u_core/u_decode/pc_q_reg[9] (rising edge-triggered flip-flop clocked by clk)
  Endpoint: u_core/u_core/u_csr/pc_m_q_reg[9] (rising edge-triggered flip-flop clocked by clk)
  Mode: func
  Corner: ff_n40C_1v95
  Scenario: func@ff_n40C_1v95.hold
  Path Group: reg2reg
  Path Type: min

  Point                                            Incr      Path  
  ------------------------------------------------------------------------
  clock clk (rise edge)                            0.00      0.00
  clock network delay (propagated)                 0.60      0.60

  u_core/u_core/u_decode/pc_q_reg[9]/CLK (sky130_fd_sc_hd__dfrtp_1)
                                                   0.00      0.60 r
  u_core/u_core/u_decode/pc_q_reg[9]/Q (sky130_fd_sc_hd__dfrtp_1)
                                                   0.36      0.96 f
  u_core/u_core/u_csr/gre_h_inst_96496/X (sky130_fd_sc_hd__clkbuf_1)
                                                   0.12      1.08 f
  u_core/u_core/u_csr/ctmTdsLR_2_9522/Y (sky130_fd_sc_hd__clkinvlp_2)
                                                   0.06      1.14 r
  u_core/u_core/u_csr/ctmTdsLR_1_78417/Y (sky130_fd_sc_hd__o21ai_2)
                                                   0.04      1.18 f
  u_core/u_core/u_csr/pc_m_q_reg[9]/D (sky130_fd_sc_hd__dfrtp_1)
                                                   0.00      1.18 f
  data arrival time                                          1.18

  clock clk (rise edge)                            0.00      0.00
  clock network delay (propagated)                 1.10      1.10
  u_core/u_core/u_csr/pc_m_q_reg[9]/CLK (sky130_fd_sc_hd__dfrtp_1)
                                                   0.00      1.10 r
  clock uncertainty                                0.07      1.17
  library hold time                                0.01      1.18
  data required time                                         1.18
  ------------------------------------------------------------------------
  data required time                                         1.18
  data arrival time                                         -1.18
  ------------------------------------------------------------------------
  slack (MET)                                                0.00



  Startpoint: u_core/u_core/u_csr/csr_sr_q_reg[12] (rising edge-triggered flip-flop clocked by clk)
  Endpoint: u_core/u_core/u_csr/writeback_value_q_reg[12] (rising edge-triggered flip-flop clocked by clk)
  Mode: func
  Corner: ff_n40C_1v95
  Scenario: func@ff_n40C_1v95.hold
  Path Group: reg2reg
  Path Type: min

  Point                                            Incr      Path  
  ------------------------------------------------------------------------
  clock clk (rise edge)                            0.00      0.00
  clock network delay (propagated)                 0.49      0.49

  u_core/u_core/u_csr/csr_sr_q_reg[12]/CLK (sky130_fd_sc_hd__dfrtp_1)
                                                   0.00      0.49 r
  u_core/u_core/u_csr/csr_sr_q_reg[12]/Q (sky130_fd_sc_hd__dfrtp_1)
                                                   0.40      0.89 f
  u_core/u_core/u_csr/ctmTdsLR_4_37027/Y (sky130_fd_sc_hd__nand2_1)
                                                   0.11      1.00 r
  u_core/u_core/u_csr/ctmTdsLR_3_38220/Y (sky130_fd_sc_hd__nand2_1)
                                                   0.05      1.05 f
  u_core/u_core/u_csr/ctmTdsLR_2_72681/Y (sky130_fd_sc_hd__nor2_2)
                                                   0.08      1.14 r
  u_core/u_core/u_csr/ctmTdsLR_1_72680/Y (sky130_fd_sc_hd__nand3_2)
                                                   0.05      1.18 f
  u_core/u_core/u_csr/writeback_value_q_reg[12]/D (sky130_fd_sc_hd__dfrtp_4)
                                                   0.00      1.18 f
  data arrival time                                          1.18

  clock clk (rise edge)                            0.00      0.00
  clock network delay (propagated)                 1.10      1.10
  u_core/u_core/u_csr/writeback_value_q_reg[12]/CLK (sky130_fd_sc_hd__dfrtp_4)
                                                   0.00      1.10 r
  clock uncertainty                                0.07      1.17
  library hold time                                0.01      1.18
  data required time                                         1.18
  ------------------------------------------------------------------------
  data required time                                         1.18
  data arrival time                                         -1.18
  ------------------------------------------------------------------------
  slack (MET)                                                0.00


1
