Information: Propagating switching activity (low effort zero delay simulation). (PWR-6)
Warning: Design has unannotated primary inputs. (PWR-414)
Warning: Design has unannotated sequential cell outputs. (PWR-415)
Warning: Design has unannotated black box outputs. (PWR-428)
 
****************************************
Report : power
        -analysis_effort low
Design : riscv_soc
Version: U-2022.12-SP6
Date   : Sun Apr 26 19:29:24 2026
****************************************


Library(s) Used:

    sky130_fd_sc_hd__ss_100C_1v60 (File: /home/net/lu282362/final_project/libraries/sky130_fd_sc_hd/db/sky130_fd_sc_hd__ss_100C_1v60.db)
    sky130_sram_2kbyte_1rw1r_32x512_8_TT_1p8V_25C_lib (File: /home/net/lu282362/final_project/libraries/sky130_fd_sc_hd/db/sky130_sram_2kbyte_1rw1r_32x512_8.db)
    sky130_sram_1kbyte_1rw1r_32x256_8_TT_1p8V_25C_lib (File: /home/net/lu282362/final_project/libraries/sky130_fd_sc_hd/db/sky130_sram_1kbyte_1rw1r_32x256_8.db)


Operating Conditions: ss_100C_1v60   Library: sky130_fd_sc_hd__ss_100C_1v60
Wire Load Model Mode: top

Design        Wire Load Model            Library
------------------------------------------------
riscv_soc              Small             sky130_fd_sc_hd__ss_100C_1v60


Global Operating Voltage = 1.6  
Power-specific unit information :
    Voltage Units = 1V
    Capacitance Units = 1.000000pf
    Time Units = 1ns
    Dynamic Power Units = 1mW    (derived from V,C,T units)
    Leakage Power Units = 1nW


Attributes
----------
i - Including register clock pin internal power


  Cell Internal Power  =  93.6060 mW   (99%)
  Net Switching Power  = 813.7768 uW    (1%)
                         ---------
Total Dynamic Power    =  94.4198 mW  (100%)

Cell Leakage Power     = 309.6491 uW


                 Internal         Switching           Leakage            Total
Power Group      Power            Power               Power              Power   (   %    )  Attrs
--------------------------------------------------------------------------------------------------
io_pad             0.0000            0.0000            0.0000            0.0000  (   0.00%)
memory            74.0835        1.7259e-02        1.6084e+05           74.2616  (  78.39%)
black_box          0.0000            0.0000            0.0000            0.0000  (   0.00%)
clock_network     19.0334            0.0000            0.0000           19.0334  (  20.09%)  i
register       9.7389e-02        7.6640e-02        7.0879e+04            0.2449  (   0.26%)
sequential         0.0000            0.0000            0.0000            0.0000  (   0.00%)
combinational      0.3924            0.7199        7.7930e+04            1.1902  (   1.26%)
--------------------------------------------------------------------------------------------------
Total             93.6066 mW         0.8138 mW     3.0965e+05 nW        94.7301 mW
1
