 
                              Library Manager (TM)

          Version X-2025.06-SP1-T-20250922 for linux64 - Sep 22, 2025
                            Base build date 7/7/2025

                    Copyright (c) 1988 - 2025 Synopsys, Inc.
   This software and the associated documentation are proprietary to Synopsys,
 Inc. This software may only be used in accordance with the terms and conditions
 of a written license agreement with Synopsys, Inc. All other use, reproduction,
   or distribution of this software is strictly prohibited.  Licensed Products
     communicate with Synopsys servers for the purpose of providing software
    updates, detecting software piracy and verifying that customers are using
    Licensed Products in conformity with the applicable License Key for such
  Licensed Products. Synopsys will use information gathered in connection with
    this process to deliver software updates and pursue software pirates and
                                   infringers.

 Inclusivity & Diversity - Visit SolvNetPlus to read the "Synopsys Statement on
            Inclusivity and Diversity" (Refer to article 000036315 at
                        https://solvnetplus.synopsys.com)

set search_path {. ./results/ .}
. ./results/ .
setenv RUN_RESULT /tmp/.tARL728564/_rrH9j9hY
/tmp/.tARL728564/_rrH9j9hY
set_current_mismatch_config auto_fix
1
set_app_options -name lib.workspace.build_script -value CLIBs/.scripts/sky130_fd_sc_hd__physical_only.tcl
lib.workspace.build_script CLIBs/.scripts/sky130_fd_sc_hd__physical_only.tcl
#suppress_messages
source -echo -verbose CLIBs/.scripts/sky130_fd_sc_hd__physical_only.tcl
set NDM_LIBS {}
set FRAME_LIBS {}
set LEF_FILES {/home/ad/ah476548/libraries/sky130_fd_sc_hd/lef/sky130_fd_sc_hd.lef}
/home/ad/ah476548/libraries/sky130_fd_sc_hd/lef/sky130_fd_sc_hd.lef
set DB_FILES {}
set TECH_FILE "/tmp/.tARL728564/_techDeGXYJ"
/tmp/.tARL728564/_techDeGXYJ
set_app_options -name lib.workspace.create_cached_lib -value true
lib.workspace.create_cached_lib true
set_app_options -name lib.workspace.include_design_filters -value {sky130_fd_sc_hd__fill_1 sky130_fd_sc_hd__fill_2 sky130_fd_sc_hd__fill_4 sky130_fd_sc_hd__fill_8 sky130_fd_sc_hd__tap_1 sky130_fd_sc_hd__tap_2 sky130_fd_sc_hd__tapvgnd2_1 sky130_fd_sc_hd__tapvgnd_1 sky130_fd_sc_hd__tapvpwrvgnd_1}
lib.workspace.include_design_filters {sky130_fd_sc_hd__fill_1 sky130_fd_sc_hd__fill_2 sky130_fd_sc_hd__fill_4 sky130_fd_sc_hd__fill_8 sky130_fd_sc_hd__tap_1 sky130_fd_sc_hd__tap_2 sky130_fd_sc_hd__tapvgnd2_1 sky130_fd_sc_hd__tapvgnd_1 sky130_fd_sc_hd__tapvpwrvgnd_1}
#suppress_messages
set_app_options -name lib.workspace.allow_read_aggregate_lib -value true
lib.workspace.allow_read_aggregate_lib true
create_workspace sky130_fd_sc_hd__physical_only -flow physical_only -technology $TECH_FILE -scale_factor 10000
Warning: Section DesignRule '' is missing the attribute 'stackable'. (_techDeGXYJ line 943) (TECH-026)
Warning: Layer 'via4/met4' is missing the attribute 'maxStackLevel'. (_techDeGXYJ line 943) (TECH-026)
Warning: Section DesignRule '' is missing the attribute 'stackable'. (_techDeGXYJ line 950) (TECH-026)
Warning: Layer 'via4/met5' is missing the attribute 'maxStackLevel'. (_techDeGXYJ line 950) (TECH-026)
Warning: Section DesignRule '' is missing the attribute 'stackable'. (_techDeGXYJ line 957) (TECH-026)
Warning: Layer 'via3/met3' is missing the attribute 'maxStackLevel'. (_techDeGXYJ line 957) (TECH-026)
Warning: Section DesignRule '' is missing the attribute 'stackable'. (_techDeGXYJ line 964) (TECH-026)
Warning: Layer 'via3/met4' is missing the attribute 'maxStackLevel'. (_techDeGXYJ line 964) (TECH-026)
Warning: Section DesignRule '' is missing the attribute 'stackable'. (_techDeGXYJ line 971) (TECH-026)
Warning: Layer 'via2/met2' is missing the attribute 'maxStackLevel'. (_techDeGXYJ line 971) (TECH-026)
Warning: Section DesignRule '' is missing the attribute 'stackable'. (_techDeGXYJ line 978) (TECH-026)
Warning: Layer 'via2/met3' is missing the attribute 'maxStackLevel'. (_techDeGXYJ line 978) (TECH-026)
Warning: Section DesignRule '' is missing the attribute 'stackable'. (_techDeGXYJ line 985) (TECH-026)
Warning: Layer 'via/met1' is missing the attribute 'maxStackLevel'. (_techDeGXYJ line 985) (TECH-026)
Warning: Section DesignRule '' is missing the attribute 'stackable'. (_techDeGXYJ line 992) (TECH-026)
Warning: Layer 'via/met2' is missing the attribute 'maxStackLevel'. (_techDeGXYJ line 992) (TECH-026)
Warning: Section DesignRule '' is missing the attribute 'stackable'. (_techDeGXYJ line 999) (TECH-026)
Warning: Layer 'mcon/li1' is missing the attribute 'maxStackLevel'. (_techDeGXYJ line 999) (TECH-026)
Warning: Section DesignRule '' is missing the attribute 'stackable'. (_techDeGXYJ line 1006) (TECH-026)
Warning: Layer 'mcon/met1' is missing the attribute 'maxStackLevel'. (_techDeGXYJ line 1006) (TECH-026)
Warning: DesignRule is defined with non-consecutive layers 'via4' and 'met4'. (_techDeGXYJ line 948) (TECH-034)
Warning: DesignRule is defined with non-consecutive layers 'via4' and 'met5'. (_techDeGXYJ line 955) (TECH-034)
Warning: DesignRule is defined with non-consecutive layers 'via3' and 'met3'. (_techDeGXYJ line 962) (TECH-034)
Warning: DesignRule is defined with non-consecutive layers 'via3' and 'met4'. (_techDeGXYJ line 969) (TECH-034)
Warning: DesignRule is defined with non-consecutive layers 'via2' and 'met2'. (_techDeGXYJ line 976) (TECH-034)
Warning: DesignRule is defined with non-consecutive layers 'via2' and 'met3'. (_techDeGXYJ line 983) (TECH-034)
Warning: DesignRule is defined with non-consecutive layers 'via' and 'met1'. (_techDeGXYJ line 990) (TECH-034)
Warning: DesignRule is defined with non-consecutive layers 'via' and 'met2'. (_techDeGXYJ line 997) (TECH-034)
Warning: DesignRule is defined with non-consecutive layers 'mcon' and 'li1'. (_techDeGXYJ line 1004) (TECH-034)
Warning: DesignRule is defined with non-consecutive layers 'mcon' and 'met1'. (_techDeGXYJ line 1011) (TECH-034)
Information: Loading technology file '/tmp/.tARL728564/_techDeGXYJ' (FILE-007)
... created workspace sky130_fd_sc_hd__physical_only in physical_only flow
read_lef $LEF_FILES
Information: The default value of lib.workspace.library_developer_mode will be 'true' in future release. (LMUI-054)
Information: Loading LEF file '/home/ad/ah476548/libraries/sky130_fd_sc_hd/lef/sky130_fd_sc_hd.lef' (FILE-007)
Information: Read LEF into a new library 'sky130_fd_sc_hd'. (LEFR-022)
Information: Changed the site definition for the sky130_fd_sc_hd__fill_1 library cell to unit from unithd. (LEFR-064)
Information: Changed the site definition for the sky130_fd_sc_hd__fill_2 library cell to unit from unithd. (LEFR-064)
Information: Changed the site definition for the sky130_fd_sc_hd__fill_4 library cell to unit from unithd. (LEFR-064)
Information: Changed the site definition for the sky130_fd_sc_hd__fill_8 library cell to unit from unithd. (LEFR-064)
Information: Changed the site definition for the sky130_fd_sc_hd__tap_1 library cell to unit from unithd. (LEFR-064)
Information: Changed the site definition for the sky130_fd_sc_hd__tap_2 library cell to unit from unithd. (LEFR-064)
Information: Changed the site definition for the sky130_fd_sc_hd__tapvgnd2_1 library cell to unit from unithd. (LEFR-064)
Information: Changed the site definition for the sky130_fd_sc_hd__tapvgnd_1 library cell to unit from unithd. (LEFR-064)
Information: Changed the site definition for the sky130_fd_sc_hd__tapvpwrvgnd_1 library cell to unit from unithd. (LEFR-064)
{sky130_fd_sc_hd}
process_workspaces -check_options {-allow_missing} -force -directory CLIBs -output sky130_fd_sc_hd__physical_only.ndm
Warning: Cannot specify the -allow_missing option in the physical_only flow. It is ignored.  (LMUI-009)
Checking libraries...
Building a physical-only workspace...
... looking for physical-only designs ...
Information: Copied 9 physical designs (LM-050)
... creating frames for sky130_fd_sc_hd__physical_only
... created 9 frames

Workspace check succeeded!
... wrote CLIBs/sky130_fd_sc_hd__physical_only.ndm
... removing library 'sky130_fd_sc_hd'
... lib workspace removed!

Warning: EMS database "check_workspace.ems" already exists, over-writing it. (EMS-040)
Maximum memory usage for this session: 92.00 MB
CPU usage for this session:      1 seconds (  0.00 hours)
Elapsed time for this session:      1 seconds (  0.00 hours)
Thank you for using Library Manager.

